[2025-06-06T18:19:47.805+0000] {processor.py:186} INFO - Started process (PID=78) to work on /opt/airflow/dags/alimenta_mongo.py
[2025-06-06T18:19:47.811+0000] {processor.py:914} INFO - Processing file /opt/airflow/dags/alimenta_mongo.py for tasks to queue
[2025-06-06T18:19:47.822+0000] {logging_mixin.py:190} INFO - [2025-06-06T18:19:47.821+0000] {dagbag.py:587} INFO - Filling up the DagBag from /opt/airflow/dags/alimenta_mongo.py
[2025-06-06T18:19:48.477+0000] {processor.py:925} INFO - DAG(s) 'mongo_db' retrieved from /opt/airflow/dags/alimenta_mongo.py
[2025-06-06T18:19:48.590+0000] {logging_mixin.py:190} INFO - [2025-06-06T18:19:48.590+0000] {dag.py:3229} INFO - Sync 1 DAGs
[2025-06-06T18:19:48.695+0000] {logging_mixin.py:190} INFO - [2025-06-06T18:19:48.695+0000] {dag.py:4156} INFO - Setting next_dagrun for mongo_db to 2024-11-08 00:00:00+00:00, run_after=2024-11-09 00:00:00+00:00
[2025-06-06T18:19:48.761+0000] {processor.py:208} INFO - Processing /opt/airflow/dags/alimenta_mongo.py took 0.981 seconds
[2025-06-06T18:20:50.342+0000] {processor.py:186} INFO - Started process (PID=151) to work on /opt/airflow/dags/alimenta_mongo.py
[2025-06-06T18:20:50.367+0000] {processor.py:914} INFO - Processing file /opt/airflow/dags/alimenta_mongo.py for tasks to queue
[2025-06-06T18:20:50.395+0000] {logging_mixin.py:190} INFO - [2025-06-06T18:20:50.394+0000] {dagbag.py:587} INFO - Filling up the DagBag from /opt/airflow/dags/alimenta_mongo.py
[2025-06-06T18:20:51.263+0000] {processor.py:925} INFO - DAG(s) 'mongo_db' retrieved from /opt/airflow/dags/alimenta_mongo.py
[2025-06-06T18:20:51.452+0000] {logging_mixin.py:190} INFO - [2025-06-06T18:20:51.424+0000] {dag.py:3229} INFO - Sync 1 DAGs
[2025-06-06T18:20:51.667+0000] {logging_mixin.py:190} INFO - [2025-06-06T18:20:51.666+0000] {dag.py:4156} INFO - Setting next_dagrun for mongo_db to 2024-11-22 00:00:00+00:00, run_after=2024-11-23 00:00:00+00:00
[2025-06-06T18:20:51.806+0000] {processor.py:208} INFO - Processing /opt/airflow/dags/alimenta_mongo.py took 1.504 seconds
[2025-06-06T18:21:25.196+0000] {processor.py:186} INFO - Started process (PID=214) to work on /opt/airflow/dags/alimenta_mongo.py
[2025-06-06T18:21:25.199+0000] {processor.py:914} INFO - Processing file /opt/airflow/dags/alimenta_mongo.py for tasks to queue
[2025-06-06T18:21:25.211+0000] {logging_mixin.py:190} INFO - [2025-06-06T18:21:25.209+0000] {dagbag.py:587} INFO - Filling up the DagBag from /opt/airflow/dags/alimenta_mongo.py
[2025-06-06T18:21:26.219+0000] {processor.py:925} INFO - DAG(s) 'mongo_db' retrieved from /opt/airflow/dags/alimenta_mongo.py
[2025-06-06T18:21:26.507+0000] {logging_mixin.py:190} INFO - [2025-06-06T18:21:26.506+0000] {dag.py:3229} INFO - Sync 1 DAGs
[2025-06-06T18:21:26.709+0000] {logging_mixin.py:190} INFO - [2025-06-06T18:21:26.708+0000] {dag.py:4156} INFO - Setting next_dagrun for mongo_db to 2024-12-05 00:00:00+00:00, run_after=2024-12-06 00:00:00+00:00
[2025-06-06T18:21:26.831+0000] {processor.py:208} INFO - Processing /opt/airflow/dags/alimenta_mongo.py took 1.672 seconds
[2025-06-06T18:21:57.591+0000] {processor.py:186} INFO - Started process (PID=277) to work on /opt/airflow/dags/alimenta_mongo.py
[2025-06-06T18:21:57.596+0000] {processor.py:914} INFO - Processing file /opt/airflow/dags/alimenta_mongo.py for tasks to queue
[2025-06-06T18:21:57.604+0000] {logging_mixin.py:190} INFO - [2025-06-06T18:21:57.603+0000] {dagbag.py:587} INFO - Filling up the DagBag from /opt/airflow/dags/alimenta_mongo.py
[2025-06-06T18:21:57.978+0000] {processor.py:925} INFO - DAG(s) 'mongo_db' retrieved from /opt/airflow/dags/alimenta_mongo.py
[2025-06-06T18:21:58.064+0000] {logging_mixin.py:190} INFO - [2025-06-06T18:21:58.062+0000] {dag.py:3229} INFO - Sync 1 DAGs
[2025-06-06T18:21:58.180+0000] {logging_mixin.py:190} INFO - [2025-06-06T18:21:58.179+0000] {dag.py:4156} INFO - Setting next_dagrun for mongo_db to 2024-12-13 00:00:00+00:00, run_after=2024-12-14 00:00:00+00:00
[2025-06-06T18:21:58.249+0000] {processor.py:208} INFO - Processing /opt/airflow/dags/alimenta_mongo.py took 0.686 seconds
[2025-06-06T18:22:28.502+0000] {processor.py:186} INFO - Started process (PID=340) to work on /opt/airflow/dags/alimenta_mongo.py
[2025-06-06T18:22:28.505+0000] {processor.py:914} INFO - Processing file /opt/airflow/dags/alimenta_mongo.py for tasks to queue
[2025-06-06T18:22:28.517+0000] {logging_mixin.py:190} INFO - [2025-06-06T18:22:28.515+0000] {dagbag.py:587} INFO - Filling up the DagBag from /opt/airflow/dags/alimenta_mongo.py
[2025-06-06T18:22:28.952+0000] {processor.py:925} INFO - DAG(s) 'mongo_db' retrieved from /opt/airflow/dags/alimenta_mongo.py
[2025-06-06T18:22:29.031+0000] {logging_mixin.py:190} INFO - [2025-06-06T18:22:29.030+0000] {dag.py:3229} INFO - Sync 1 DAGs
[2025-06-06T18:22:29.176+0000] {logging_mixin.py:190} INFO - [2025-06-06T18:22:29.175+0000] {dag.py:4156} INFO - Setting next_dagrun for mongo_db to 2025-01-02 00:00:00+00:00, run_after=2025-01-03 00:00:00+00:00
[2025-06-06T18:22:29.271+0000] {processor.py:208} INFO - Processing /opt/airflow/dags/alimenta_mongo.py took 0.794 seconds
[2025-06-06T18:23:00.583+0000] {processor.py:186} INFO - Started process (PID=394) to work on /opt/airflow/dags/alimenta_mongo.py
[2025-06-06T18:23:00.591+0000] {processor.py:914} INFO - Processing file /opt/airflow/dags/alimenta_mongo.py for tasks to queue
[2025-06-06T18:23:00.608+0000] {logging_mixin.py:190} INFO - [2025-06-06T18:23:00.607+0000] {dagbag.py:587} INFO - Filling up the DagBag from /opt/airflow/dags/alimenta_mongo.py
[2025-06-06T18:23:02.932+0000] {processor.py:925} INFO - DAG(s) 'mongo_db' retrieved from /opt/airflow/dags/alimenta_mongo.py
[2025-06-06T18:23:03.329+0000] {logging_mixin.py:190} INFO - [2025-06-06T18:23:03.328+0000] {dag.py:3229} INFO - Sync 1 DAGs
[2025-06-06T18:23:03.985+0000] {processor.py:208} INFO - Processing /opt/airflow/dags/alimenta_mongo.py took 3.553 seconds
[2025-06-06T18:23:34.232+0000] {processor.py:186} INFO - Started process (PID=457) to work on /opt/airflow/dags/alimenta_mongo.py
[2025-06-06T18:23:34.235+0000] {processor.py:914} INFO - Processing file /opt/airflow/dags/alimenta_mongo.py for tasks to queue
[2025-06-06T18:23:34.242+0000] {logging_mixin.py:190} INFO - [2025-06-06T18:23:34.241+0000] {dagbag.py:587} INFO - Filling up the DagBag from /opt/airflow/dags/alimenta_mongo.py
[2025-06-06T18:23:34.481+0000] {processor.py:925} INFO - DAG(s) 'mongo_db' retrieved from /opt/airflow/dags/alimenta_mongo.py
[2025-06-06T18:23:34.529+0000] {logging_mixin.py:190} INFO - [2025-06-06T18:23:34.529+0000] {dag.py:3229} INFO - Sync 1 DAGs
[2025-06-06T18:23:34.654+0000] {processor.py:208} INFO - Processing /opt/airflow/dags/alimenta_mongo.py took 0.450 seconds
[2025-06-06T18:29:29.558+0000] {processor.py:186} INFO - Started process (PID=69) to work on /opt/airflow/dags/alimenta_mongo.py
[2025-06-06T18:29:29.562+0000] {processor.py:914} INFO - Processing file /opt/airflow/dags/alimenta_mongo.py for tasks to queue
[2025-06-06T18:29:29.569+0000] {logging_mixin.py:190} INFO - [2025-06-06T18:29:29.568+0000] {dagbag.py:587} INFO - Filling up the DagBag from /opt/airflow/dags/alimenta_mongo.py
[2025-06-06T18:29:29.869+0000] {processor.py:925} INFO - DAG(s) 'mongo_db' retrieved from /opt/airflow/dags/alimenta_mongo.py
[2025-06-06T18:29:29.978+0000] {logging_mixin.py:190} INFO - [2025-06-06T18:29:29.977+0000] {dag.py:3229} INFO - Sync 1 DAGs
[2025-06-06T18:29:30.134+0000] {processor.py:208} INFO - Processing /opt/airflow/dags/alimenta_mongo.py took 0.600 seconds
[2025-06-06T18:30:59.366+0000] {processor.py:186} INFO - Started process (PID=68) to work on /opt/airflow/dags/alimenta_mongo.py
[2025-06-06T18:30:59.369+0000] {processor.py:914} INFO - Processing file /opt/airflow/dags/alimenta_mongo.py for tasks to queue
[2025-06-06T18:30:59.376+0000] {logging_mixin.py:190} INFO - [2025-06-06T18:30:59.375+0000] {dagbag.py:587} INFO - Filling up the DagBag from /opt/airflow/dags/alimenta_mongo.py
[2025-06-06T18:30:59.615+0000] {processor.py:925} INFO - DAG(s) 'mongo_db' retrieved from /opt/airflow/dags/alimenta_mongo.py
[2025-06-06T18:30:59.662+0000] {logging_mixin.py:190} INFO - [2025-06-06T18:30:59.662+0000] {dag.py:3229} INFO - Sync 1 DAGs
[2025-06-06T18:30:59.716+0000] {logging_mixin.py:190} INFO - [2025-06-06T18:30:59.716+0000] {dag.py:4156} INFO - Setting next_dagrun for mongo_db to 2025-01-09 00:00:00+00:00, run_after=2025-01-10 00:00:00+00:00
[2025-06-06T18:30:59.762+0000] {processor.py:208} INFO - Processing /opt/airflow/dags/alimenta_mongo.py took 0.420 seconds
[2025-06-06T18:31:29.918+0000] {processor.py:186} INFO - Started process (PID=131) to work on /opt/airflow/dags/alimenta_mongo.py
[2025-06-06T18:31:29.921+0000] {processor.py:914} INFO - Processing file /opt/airflow/dags/alimenta_mongo.py for tasks to queue
[2025-06-06T18:31:29.929+0000] {logging_mixin.py:190} INFO - [2025-06-06T18:31:29.928+0000] {dagbag.py:587} INFO - Filling up the DagBag from /opt/airflow/dags/alimenta_mongo.py
[2025-06-06T18:31:30.157+0000] {processor.py:925} INFO - DAG(s) 'mongo_db' retrieved from /opt/airflow/dags/alimenta_mongo.py
[2025-06-06T18:31:30.204+0000] {logging_mixin.py:190} INFO - [2025-06-06T18:31:30.203+0000] {dag.py:3229} INFO - Sync 1 DAGs
[2025-06-06T18:31:30.282+0000] {logging_mixin.py:190} INFO - [2025-06-06T18:31:30.282+0000] {dag.py:4156} INFO - Setting next_dagrun for mongo_db to 2025-01-21 00:00:00+00:00, run_after=2025-01-22 00:00:00+00:00
[2025-06-06T18:31:30.343+0000] {processor.py:208} INFO - Processing /opt/airflow/dags/alimenta_mongo.py took 0.440 seconds
[2025-06-06T18:32:00.873+0000] {processor.py:186} INFO - Started process (PID=194) to work on /opt/airflow/dags/alimenta_mongo.py
[2025-06-06T18:32:00.894+0000] {processor.py:914} INFO - Processing file /opt/airflow/dags/alimenta_mongo.py for tasks to queue
[2025-06-06T18:32:00.920+0000] {logging_mixin.py:190} INFO - [2025-06-06T18:32:00.919+0000] {dagbag.py:587} INFO - Filling up the DagBag from /opt/airflow/dags/alimenta_mongo.py
[2025-06-06T18:32:01.438+0000] {processor.py:925} INFO - DAG(s) 'mongo_db' retrieved from /opt/airflow/dags/alimenta_mongo.py
[2025-06-06T18:32:01.538+0000] {logging_mixin.py:190} INFO - [2025-06-06T18:32:01.537+0000] {dag.py:3229} INFO - Sync 1 DAGs
[2025-06-06T18:32:01.852+0000] {logging_mixin.py:190} INFO - [2025-06-06T18:32:01.851+0000] {dag.py:4156} INFO - Setting next_dagrun for mongo_db to 2025-02-09 00:00:00+00:00, run_after=2025-02-10 00:00:00+00:00
[2025-06-06T18:32:02.055+0000] {processor.py:208} INFO - Processing /opt/airflow/dags/alimenta_mongo.py took 1.204 seconds
[2025-06-06T18:32:32.212+0000] {processor.py:186} INFO - Started process (PID=258) to work on /opt/airflow/dags/alimenta_mongo.py
[2025-06-06T18:32:32.214+0000] {processor.py:914} INFO - Processing file /opt/airflow/dags/alimenta_mongo.py for tasks to queue
[2025-06-06T18:32:32.221+0000] {logging_mixin.py:190} INFO - [2025-06-06T18:32:32.220+0000] {dagbag.py:587} INFO - Filling up the DagBag from /opt/airflow/dags/alimenta_mongo.py
[2025-06-06T18:32:32.402+0000] {processor.py:925} INFO - DAG(s) 'mongo_db' retrieved from /opt/airflow/dags/alimenta_mongo.py
[2025-06-06T18:32:32.442+0000] {logging_mixin.py:190} INFO - [2025-06-06T18:32:32.441+0000] {dag.py:3229} INFO - Sync 1 DAGs
[2025-06-06T18:32:32.491+0000] {logging_mixin.py:190} INFO - [2025-06-06T18:32:32.490+0000] {dag.py:4156} INFO - Setting next_dagrun for mongo_db to 2025-02-15 00:00:00+00:00, run_after=2025-02-16 00:00:00+00:00
[2025-06-06T18:32:32.532+0000] {processor.py:208} INFO - Processing /opt/airflow/dags/alimenta_mongo.py took 0.334 seconds
[2025-06-06T18:33:02.736+0000] {processor.py:186} INFO - Started process (PID=321) to work on /opt/airflow/dags/alimenta_mongo.py
[2025-06-06T18:33:02.738+0000] {processor.py:914} INFO - Processing file /opt/airflow/dags/alimenta_mongo.py for tasks to queue
[2025-06-06T18:33:02.744+0000] {logging_mixin.py:190} INFO - [2025-06-06T18:33:02.743+0000] {dagbag.py:587} INFO - Filling up the DagBag from /opt/airflow/dags/alimenta_mongo.py
[2025-06-06T18:33:02.939+0000] {processor.py:925} INFO - DAG(s) 'mongo_db' retrieved from /opt/airflow/dags/alimenta_mongo.py
[2025-06-06T18:33:02.995+0000] {logging_mixin.py:190} INFO - [2025-06-06T18:33:02.995+0000] {dag.py:3229} INFO - Sync 1 DAGs
[2025-06-06T18:33:03.070+0000] {logging_mixin.py:190} INFO - [2025-06-06T18:33:03.069+0000] {dag.py:4156} INFO - Setting next_dagrun for mongo_db to 2025-02-28 00:00:00+00:00, run_after=2025-03-01 00:00:00+00:00
[2025-06-06T18:33:03.136+0000] {processor.py:208} INFO - Processing /opt/airflow/dags/alimenta_mongo.py took 0.416 seconds
[2025-06-06T18:33:33.537+0000] {processor.py:186} INFO - Started process (PID=384) to work on /opt/airflow/dags/alimenta_mongo.py
[2025-06-06T18:33:33.546+0000] {processor.py:914} INFO - Processing file /opt/airflow/dags/alimenta_mongo.py for tasks to queue
[2025-06-06T18:33:33.553+0000] {logging_mixin.py:190} INFO - [2025-06-06T18:33:33.552+0000] {dagbag.py:587} INFO - Filling up the DagBag from /opt/airflow/dags/alimenta_mongo.py
[2025-06-06T18:33:33.933+0000] {processor.py:925} INFO - DAG(s) 'mongo_db' retrieved from /opt/airflow/dags/alimenta_mongo.py
[2025-06-06T18:33:34.016+0000] {logging_mixin.py:190} INFO - [2025-06-06T18:33:34.016+0000] {dag.py:3229} INFO - Sync 1 DAGs
[2025-06-06T18:33:34.253+0000] {processor.py:208} INFO - Processing /opt/airflow/dags/alimenta_mongo.py took 0.779 seconds
[2025-06-06T18:34:05.600+0000] {processor.py:186} INFO - Started process (PID=445) to work on /opt/airflow/dags/alimenta_mongo.py
[2025-06-06T18:34:05.610+0000] {processor.py:914} INFO - Processing file /opt/airflow/dags/alimenta_mongo.py for tasks to queue
[2025-06-06T18:34:05.626+0000] {logging_mixin.py:190} INFO - [2025-06-06T18:34:05.625+0000] {dagbag.py:587} INFO - Filling up the DagBag from /opt/airflow/dags/alimenta_mongo.py
[2025-06-06T18:34:06.360+0000] {processor.py:925} INFO - DAG(s) 'mongo_db' retrieved from /opt/airflow/dags/alimenta_mongo.py
[2025-06-06T18:34:06.525+0000] {logging_mixin.py:190} INFO - [2025-06-06T18:34:06.522+0000] {dag.py:3229} INFO - Sync 1 DAGs
[2025-06-06T18:34:06.683+0000] {logging_mixin.py:190} INFO - [2025-06-06T18:34:06.682+0000] {dag.py:4156} INFO - Setting next_dagrun for mongo_db to 2025-04-04 00:00:00+00:00, run_after=2025-04-05 00:00:00+00:00
[2025-06-06T18:34:06.813+0000] {processor.py:208} INFO - Processing /opt/airflow/dags/alimenta_mongo.py took 1.254 seconds
[2025-06-06T18:34:37.588+0000] {processor.py:186} INFO - Started process (PID=515) to work on /opt/airflow/dags/alimenta_mongo.py
[2025-06-06T18:34:37.592+0000] {processor.py:914} INFO - Processing file /opt/airflow/dags/alimenta_mongo.py for tasks to queue
[2025-06-06T18:34:37.605+0000] {logging_mixin.py:190} INFO - [2025-06-06T18:34:37.604+0000] {dagbag.py:587} INFO - Filling up the DagBag from /opt/airflow/dags/alimenta_mongo.py
[2025-06-06T18:34:38.122+0000] {processor.py:925} INFO - DAG(s) 'mongo_db' retrieved from /opt/airflow/dags/alimenta_mongo.py
[2025-06-06T18:34:38.397+0000] {logging_mixin.py:190} INFO - [2025-06-06T18:34:38.396+0000] {dag.py:3229} INFO - Sync 1 DAGs
[2025-06-06T18:34:38.755+0000] {logging_mixin.py:190} INFO - [2025-06-06T18:34:38.755+0000] {dag.py:4156} INFO - Setting next_dagrun for mongo_db to 2025-04-22 00:00:00+00:00, run_after=2025-04-23 00:00:00+00:00
[2025-06-06T18:34:39.078+0000] {processor.py:208} INFO - Processing /opt/airflow/dags/alimenta_mongo.py took 1.535 seconds
[2025-06-06T18:35:12.262+0000] {processor.py:186} INFO - Started process (PID=578) to work on /opt/airflow/dags/alimenta_mongo.py
[2025-06-06T18:35:12.297+0000] {processor.py:914} INFO - Processing file /opt/airflow/dags/alimenta_mongo.py for tasks to queue
[2025-06-06T18:35:12.320+0000] {logging_mixin.py:190} INFO - [2025-06-06T18:35:12.319+0000] {dagbag.py:587} INFO - Filling up the DagBag from /opt/airflow/dags/alimenta_mongo.py
[2025-06-06T18:35:13.310+0000] {processor.py:925} INFO - DAG(s) 'mongo_db' retrieved from /opt/airflow/dags/alimenta_mongo.py
[2025-06-06T18:35:13.506+0000] {logging_mixin.py:190} INFO - [2025-06-06T18:35:13.499+0000] {dag.py:3229} INFO - Sync 1 DAGs
[2025-06-06T18:35:13.809+0000] {logging_mixin.py:190} INFO - [2025-06-06T18:35:13.808+0000] {dag.py:4156} INFO - Setting next_dagrun for mongo_db to 2025-05-04 00:00:00+00:00, run_after=2025-05-05 00:00:00+00:00
[2025-06-06T18:35:14.062+0000] {processor.py:208} INFO - Processing /opt/airflow/dags/alimenta_mongo.py took 1.836 seconds
[2025-06-06T18:35:56.171+0000] {processor.py:186} INFO - Started process (PID=637) to work on /opt/airflow/dags/alimenta_mongo.py
[2025-06-06T18:35:56.175+0000] {processor.py:914} INFO - Processing file /opt/airflow/dags/alimenta_mongo.py for tasks to queue
[2025-06-06T18:35:56.187+0000] {logging_mixin.py:190} INFO - [2025-06-06T18:35:56.186+0000] {dagbag.py:587} INFO - Filling up the DagBag from /opt/airflow/dags/alimenta_mongo.py
[2025-06-06T18:35:56.502+0000] {processor.py:925} INFO - DAG(s) 'mongo_db' retrieved from /opt/airflow/dags/alimenta_mongo.py
[2025-06-06T18:35:56.576+0000] {logging_mixin.py:190} INFO - [2025-06-06T18:35:56.575+0000] {dag.py:3229} INFO - Sync 1 DAGs
[2025-06-06T18:35:56.691+0000] {logging_mixin.py:190} INFO - [2025-06-06T18:35:56.682+0000] {dag.py:4156} INFO - Setting next_dagrun for mongo_db to 2025-05-12 00:00:00+00:00, run_after=2025-05-13 00:00:00+00:00
[2025-06-06T18:35:56.797+0000] {processor.py:208} INFO - Processing /opt/airflow/dags/alimenta_mongo.py took 0.660 seconds
[2025-06-06T18:36:27.952+0000] {processor.py:186} INFO - Started process (PID=700) to work on /opt/airflow/dags/alimenta_mongo.py
[2025-06-06T18:36:27.955+0000] {processor.py:914} INFO - Processing file /opt/airflow/dags/alimenta_mongo.py for tasks to queue
[2025-06-06T18:36:27.962+0000] {logging_mixin.py:190} INFO - [2025-06-06T18:36:27.960+0000] {dagbag.py:587} INFO - Filling up the DagBag from /opt/airflow/dags/alimenta_mongo.py
[2025-06-06T18:36:28.365+0000] {processor.py:925} INFO - DAG(s) 'mongo_db' retrieved from /opt/airflow/dags/alimenta_mongo.py
[2025-06-06T18:36:28.458+0000] {logging_mixin.py:190} INFO - [2025-06-06T18:36:28.457+0000] {dag.py:3229} INFO - Sync 1 DAGs
[2025-06-06T18:36:28.606+0000] {logging_mixin.py:190} INFO - [2025-06-06T18:36:28.605+0000] {dag.py:4156} INFO - Setting next_dagrun for mongo_db to 2025-05-28 00:00:00+00:00, run_after=2025-05-29 00:00:00+00:00
[2025-06-06T18:36:28.761+0000] {processor.py:208} INFO - Processing /opt/airflow/dags/alimenta_mongo.py took 0.835 seconds
[2025-06-06T18:37:00.147+0000] {processor.py:186} INFO - Started process (PID=763) to work on /opt/airflow/dags/alimenta_mongo.py
[2025-06-06T18:37:00.150+0000] {processor.py:914} INFO - Processing file /opt/airflow/dags/alimenta_mongo.py for tasks to queue
[2025-06-06T18:37:00.164+0000] {logging_mixin.py:190} INFO - [2025-06-06T18:37:00.163+0000] {dagbag.py:587} INFO - Filling up the DagBag from /opt/airflow/dags/alimenta_mongo.py
[2025-06-06T18:37:00.475+0000] {processor.py:925} INFO - DAG(s) 'mongo_db' retrieved from /opt/airflow/dags/alimenta_mongo.py
[2025-06-06T18:37:00.555+0000] {logging_mixin.py:190} INFO - [2025-06-06T18:37:00.554+0000] {dag.py:3229} INFO - Sync 1 DAGs
[2025-06-06T18:37:00.680+0000] {logging_mixin.py:190} INFO - [2025-06-06T18:37:00.679+0000] {dag.py:4156} INFO - Setting next_dagrun for mongo_db to 2025-06-06 00:00:00+00:00, run_after=2025-06-07 00:00:00+00:00
[2025-06-06T18:37:00.805+0000] {processor.py:208} INFO - Processing /opt/airflow/dags/alimenta_mongo.py took 0.683 seconds
[2025-06-06T18:37:31.013+0000] {processor.py:186} INFO - Started process (PID=833) to work on /opt/airflow/dags/alimenta_mongo.py
[2025-06-06T18:37:31.015+0000] {processor.py:914} INFO - Processing file /opt/airflow/dags/alimenta_mongo.py for tasks to queue
[2025-06-06T18:37:31.021+0000] {logging_mixin.py:190} INFO - [2025-06-06T18:37:31.021+0000] {dagbag.py:587} INFO - Filling up the DagBag from /opt/airflow/dags/alimenta_mongo.py
[2025-06-06T18:37:31.167+0000] {processor.py:925} INFO - DAG(s) 'mongo_db' retrieved from /opt/airflow/dags/alimenta_mongo.py
[2025-06-06T18:37:31.206+0000] {logging_mixin.py:190} INFO - [2025-06-06T18:37:31.205+0000] {dag.py:3229} INFO - Sync 1 DAGs
[2025-06-06T18:37:31.255+0000] {logging_mixin.py:190} INFO - [2025-06-06T18:37:31.255+0000] {dag.py:4156} INFO - Setting next_dagrun for mongo_db to 2025-06-06 00:00:00+00:00, run_after=2025-06-07 00:00:00+00:00
[2025-06-06T18:37:31.304+0000] {processor.py:208} INFO - Processing /opt/airflow/dags/alimenta_mongo.py took 0.310 seconds
[2025-06-06T18:38:02.391+0000] {processor.py:186} INFO - Started process (PID=896) to work on /opt/airflow/dags/alimenta_mongo.py
[2025-06-06T18:38:02.393+0000] {processor.py:914} INFO - Processing file /opt/airflow/dags/alimenta_mongo.py for tasks to queue
[2025-06-06T18:38:02.401+0000] {logging_mixin.py:190} INFO - [2025-06-06T18:38:02.400+0000] {dagbag.py:587} INFO - Filling up the DagBag from /opt/airflow/dags/alimenta_mongo.py
[2025-06-06T18:38:02.670+0000] {processor.py:925} INFO - DAG(s) 'mongo_db' retrieved from /opt/airflow/dags/alimenta_mongo.py
[2025-06-06T18:38:02.733+0000] {logging_mixin.py:190} INFO - [2025-06-06T18:38:02.732+0000] {dag.py:3229} INFO - Sync 1 DAGs
[2025-06-06T18:38:02.821+0000] {logging_mixin.py:190} INFO - [2025-06-06T18:38:02.820+0000] {dag.py:4156} INFO - Setting next_dagrun for mongo_db to 2025-06-06 00:00:00+00:00, run_after=2025-06-07 00:00:00+00:00
[2025-06-06T18:38:02.895+0000] {processor.py:208} INFO - Processing /opt/airflow/dags/alimenta_mongo.py took 0.525 seconds
[2025-06-06T18:38:33.680+0000] {processor.py:186} INFO - Started process (PID=959) to work on /opt/airflow/dags/alimenta_mongo.py
[2025-06-06T18:38:33.683+0000] {processor.py:914} INFO - Processing file /opt/airflow/dags/alimenta_mongo.py for tasks to queue
[2025-06-06T18:38:33.689+0000] {logging_mixin.py:190} INFO - [2025-06-06T18:38:33.688+0000] {dagbag.py:587} INFO - Filling up the DagBag from /opt/airflow/dags/alimenta_mongo.py
[2025-06-06T18:38:33.889+0000] {processor.py:925} INFO - DAG(s) 'mongo_db' retrieved from /opt/airflow/dags/alimenta_mongo.py
[2025-06-06T18:38:33.944+0000] {logging_mixin.py:190} INFO - [2025-06-06T18:38:33.943+0000] {dag.py:3229} INFO - Sync 1 DAGs
[2025-06-06T18:38:34.018+0000] {logging_mixin.py:190} INFO - [2025-06-06T18:38:34.017+0000] {dag.py:4156} INFO - Setting next_dagrun for mongo_db to 2025-06-06 00:00:00+00:00, run_after=2025-06-07 00:00:00+00:00
[2025-06-06T18:38:34.071+0000] {processor.py:208} INFO - Processing /opt/airflow/dags/alimenta_mongo.py took 0.409 seconds
[2025-06-06T18:39:04.725+0000] {processor.py:186} INFO - Started process (PID=1022) to work on /opt/airflow/dags/alimenta_mongo.py
[2025-06-06T18:39:04.728+0000] {processor.py:914} INFO - Processing file /opt/airflow/dags/alimenta_mongo.py for tasks to queue
[2025-06-06T18:39:04.735+0000] {logging_mixin.py:190} INFO - [2025-06-06T18:39:04.734+0000] {dagbag.py:587} INFO - Filling up the DagBag from /opt/airflow/dags/alimenta_mongo.py
[2025-06-06T18:39:04.909+0000] {processor.py:925} INFO - DAG(s) 'mongo_db' retrieved from /opt/airflow/dags/alimenta_mongo.py
[2025-06-06T18:39:04.951+0000] {logging_mixin.py:190} INFO - [2025-06-06T18:39:04.951+0000] {dag.py:3229} INFO - Sync 1 DAGs
[2025-06-06T18:39:05.013+0000] {logging_mixin.py:190} INFO - [2025-06-06T18:39:05.013+0000] {dag.py:4156} INFO - Setting next_dagrun for mongo_db to 2025-06-06 00:00:00+00:00, run_after=2025-06-07 00:00:00+00:00
[2025-06-06T18:39:05.062+0000] {processor.py:208} INFO - Processing /opt/airflow/dags/alimenta_mongo.py took 0.355 seconds
[2025-06-06T18:39:35.550+0000] {processor.py:186} INFO - Started process (PID=1085) to work on /opt/airflow/dags/alimenta_mongo.py
[2025-06-06T18:39:35.552+0000] {processor.py:914} INFO - Processing file /opt/airflow/dags/alimenta_mongo.py for tasks to queue
[2025-06-06T18:39:35.559+0000] {logging_mixin.py:190} INFO - [2025-06-06T18:39:35.558+0000] {dagbag.py:587} INFO - Filling up the DagBag from /opt/airflow/dags/alimenta_mongo.py
[2025-06-06T18:39:35.725+0000] {processor.py:925} INFO - DAG(s) 'mongo_db' retrieved from /opt/airflow/dags/alimenta_mongo.py
[2025-06-06T18:39:35.766+0000] {logging_mixin.py:190} INFO - [2025-06-06T18:39:35.766+0000] {dag.py:3229} INFO - Sync 1 DAGs
[2025-06-06T18:39:35.822+0000] {logging_mixin.py:190} INFO - [2025-06-06T18:39:35.821+0000] {dag.py:4156} INFO - Setting next_dagrun for mongo_db to 2025-06-06 00:00:00+00:00, run_after=2025-06-07 00:00:00+00:00
[2025-06-06T18:39:35.861+0000] {processor.py:208} INFO - Processing /opt/airflow/dags/alimenta_mongo.py took 0.328 seconds
[2025-06-06T18:40:06.404+0000] {processor.py:186} INFO - Started process (PID=1148) to work on /opt/airflow/dags/alimenta_mongo.py
[2025-06-06T18:40:06.407+0000] {processor.py:914} INFO - Processing file /opt/airflow/dags/alimenta_mongo.py for tasks to queue
[2025-06-06T18:40:06.416+0000] {logging_mixin.py:190} INFO - [2025-06-06T18:40:06.414+0000] {dagbag.py:587} INFO - Filling up the DagBag from /opt/airflow/dags/alimenta_mongo.py
[2025-06-06T18:40:06.620+0000] {processor.py:925} INFO - DAG(s) 'mongo_db' retrieved from /opt/airflow/dags/alimenta_mongo.py
[2025-06-06T18:40:06.661+0000] {logging_mixin.py:190} INFO - [2025-06-06T18:40:06.661+0000] {dag.py:3229} INFO - Sync 1 DAGs
[2025-06-06T18:40:06.725+0000] {logging_mixin.py:190} INFO - [2025-06-06T18:40:06.724+0000] {dag.py:4156} INFO - Setting next_dagrun for mongo_db to 2025-06-06 00:00:00+00:00, run_after=2025-06-07 00:00:00+00:00
[2025-06-06T18:40:06.768+0000] {processor.py:208} INFO - Processing /opt/airflow/dags/alimenta_mongo.py took 0.384 seconds
[2025-06-06T18:40:36.958+0000] {processor.py:186} INFO - Started process (PID=1211) to work on /opt/airflow/dags/alimenta_mongo.py
[2025-06-06T18:40:36.961+0000] {processor.py:914} INFO - Processing file /opt/airflow/dags/alimenta_mongo.py for tasks to queue
[2025-06-06T18:40:36.968+0000] {logging_mixin.py:190} INFO - [2025-06-06T18:40:36.967+0000] {dagbag.py:587} INFO - Filling up the DagBag from /opt/airflow/dags/alimenta_mongo.py
[2025-06-06T18:40:37.238+0000] {processor.py:925} INFO - DAG(s) 'mongo_db' retrieved from /opt/airflow/dags/alimenta_mongo.py
[2025-06-06T18:40:37.428+0000] {logging_mixin.py:190} INFO - [2025-06-06T18:40:37.427+0000] {dag.py:3229} INFO - Sync 1 DAGs
[2025-06-06T18:40:37.640+0000] {logging_mixin.py:190} INFO - [2025-06-06T18:40:37.639+0000] {dag.py:4156} INFO - Setting next_dagrun for mongo_db to 2025-06-06 00:00:00+00:00, run_after=2025-06-07 00:00:00+00:00
[2025-06-06T18:40:37.726+0000] {processor.py:208} INFO - Processing /opt/airflow/dags/alimenta_mongo.py took 0.786 seconds
[2025-06-06T18:41:08.150+0000] {processor.py:186} INFO - Started process (PID=1275) to work on /opt/airflow/dags/alimenta_mongo.py
[2025-06-06T18:41:08.152+0000] {processor.py:914} INFO - Processing file /opt/airflow/dags/alimenta_mongo.py for tasks to queue
[2025-06-06T18:41:08.157+0000] {logging_mixin.py:190} INFO - [2025-06-06T18:41:08.157+0000] {dagbag.py:587} INFO - Filling up the DagBag from /opt/airflow/dags/alimenta_mongo.py
[2025-06-06T18:41:08.304+0000] {processor.py:925} INFO - DAG(s) 'mongo_db' retrieved from /opt/airflow/dags/alimenta_mongo.py
[2025-06-06T18:41:08.346+0000] {logging_mixin.py:190} INFO - [2025-06-06T18:41:08.345+0000] {dag.py:3229} INFO - Sync 1 DAGs
[2025-06-06T18:41:08.401+0000] {logging_mixin.py:190} INFO - [2025-06-06T18:41:08.400+0000] {dag.py:4156} INFO - Setting next_dagrun for mongo_db to 2025-06-06 00:00:00+00:00, run_after=2025-06-07 00:00:00+00:00
[2025-06-06T18:41:08.444+0000] {processor.py:208} INFO - Processing /opt/airflow/dags/alimenta_mongo.py took 0.308 seconds
[2025-06-06T18:41:38.595+0000] {processor.py:186} INFO - Started process (PID=1338) to work on /opt/airflow/dags/alimenta_mongo.py
[2025-06-06T18:41:38.600+0000] {processor.py:914} INFO - Processing file /opt/airflow/dags/alimenta_mongo.py for tasks to queue
[2025-06-06T18:41:38.607+0000] {logging_mixin.py:190} INFO - [2025-06-06T18:41:38.606+0000] {dagbag.py:587} INFO - Filling up the DagBag from /opt/airflow/dags/alimenta_mongo.py
[2025-06-06T18:41:38.826+0000] {processor.py:925} INFO - DAG(s) 'mongo_db' retrieved from /opt/airflow/dags/alimenta_mongo.py
[2025-06-06T18:41:38.870+0000] {logging_mixin.py:190} INFO - [2025-06-06T18:41:38.870+0000] {dag.py:3229} INFO - Sync 1 DAGs
[2025-06-06T18:41:38.932+0000] {logging_mixin.py:190} INFO - [2025-06-06T18:41:38.932+0000] {dag.py:4156} INFO - Setting next_dagrun for mongo_db to 2025-06-06 00:00:00+00:00, run_after=2025-06-07 00:00:00+00:00
[2025-06-06T18:41:38.976+0000] {processor.py:208} INFO - Processing /opt/airflow/dags/alimenta_mongo.py took 0.397 seconds
[2025-06-06T18:42:09.365+0000] {processor.py:186} INFO - Started process (PID=1400) to work on /opt/airflow/dags/alimenta_mongo.py
[2025-06-06T18:42:09.367+0000] {processor.py:914} INFO - Processing file /opt/airflow/dags/alimenta_mongo.py for tasks to queue
[2025-06-06T18:42:09.373+0000] {logging_mixin.py:190} INFO - [2025-06-06T18:42:09.373+0000] {dagbag.py:587} INFO - Filling up the DagBag from /opt/airflow/dags/alimenta_mongo.py
[2025-06-06T18:42:09.571+0000] {processor.py:925} INFO - DAG(s) 'mongo_db' retrieved from /opt/airflow/dags/alimenta_mongo.py
[2025-06-06T18:42:09.617+0000] {logging_mixin.py:190} INFO - [2025-06-06T18:42:09.617+0000] {dag.py:3229} INFO - Sync 1 DAGs
[2025-06-06T18:42:09.688+0000] {logging_mixin.py:190} INFO - [2025-06-06T18:42:09.687+0000] {dag.py:4156} INFO - Setting next_dagrun for mongo_db to 2025-06-06 00:00:00+00:00, run_after=2025-06-07 00:00:00+00:00
[2025-06-06T18:42:09.730+0000] {processor.py:208} INFO - Processing /opt/airflow/dags/alimenta_mongo.py took 0.384 seconds
[2025-06-06T18:42:40.140+0000] {processor.py:186} INFO - Started process (PID=1462) to work on /opt/airflow/dags/alimenta_mongo.py
[2025-06-06T18:42:40.143+0000] {processor.py:914} INFO - Processing file /opt/airflow/dags/alimenta_mongo.py for tasks to queue
[2025-06-06T18:42:40.155+0000] {logging_mixin.py:190} INFO - [2025-06-06T18:42:40.148+0000] {dagbag.py:587} INFO - Filling up the DagBag from /opt/airflow/dags/alimenta_mongo.py
[2025-06-06T18:42:40.482+0000] {processor.py:925} INFO - DAG(s) 'mongo_db' retrieved from /opt/airflow/dags/alimenta_mongo.py
[2025-06-06T18:42:40.572+0000] {logging_mixin.py:190} INFO - [2025-06-06T18:42:40.571+0000] {dag.py:3229} INFO - Sync 1 DAGs
[2025-06-06T18:42:40.682+0000] {logging_mixin.py:190} INFO - [2025-06-06T18:42:40.682+0000] {dag.py:4156} INFO - Setting next_dagrun for mongo_db to 2025-06-06 00:00:00+00:00, run_after=2025-06-07 00:00:00+00:00
[2025-06-06T18:42:40.744+0000] {processor.py:208} INFO - Processing /opt/airflow/dags/alimenta_mongo.py took 0.627 seconds
[2025-06-06T18:43:11.142+0000] {processor.py:186} INFO - Started process (PID=1525) to work on /opt/airflow/dags/alimenta_mongo.py
[2025-06-06T18:43:11.144+0000] {processor.py:914} INFO - Processing file /opt/airflow/dags/alimenta_mongo.py for tasks to queue
[2025-06-06T18:43:11.151+0000] {logging_mixin.py:190} INFO - [2025-06-06T18:43:11.150+0000] {dagbag.py:587} INFO - Filling up the DagBag from /opt/airflow/dags/alimenta_mongo.py
[2025-06-06T18:43:11.324+0000] {processor.py:925} INFO - DAG(s) 'mongo_db' retrieved from /opt/airflow/dags/alimenta_mongo.py
[2025-06-06T18:43:11.368+0000] {logging_mixin.py:190} INFO - [2025-06-06T18:43:11.367+0000] {dag.py:3229} INFO - Sync 1 DAGs
[2025-06-06T18:43:11.426+0000] {logging_mixin.py:190} INFO - [2025-06-06T18:43:11.425+0000] {dag.py:4156} INFO - Setting next_dagrun for mongo_db to 2025-06-06 00:00:00+00:00, run_after=2025-06-07 00:00:00+00:00
[2025-06-06T18:43:11.469+0000] {processor.py:208} INFO - Processing /opt/airflow/dags/alimenta_mongo.py took 0.348 seconds
[2025-06-06T18:43:41.692+0000] {processor.py:186} INFO - Started process (PID=1588) to work on /opt/airflow/dags/alimenta_mongo.py
[2025-06-06T18:43:41.694+0000] {processor.py:914} INFO - Processing file /opt/airflow/dags/alimenta_mongo.py for tasks to queue
[2025-06-06T18:43:41.699+0000] {logging_mixin.py:190} INFO - [2025-06-06T18:43:41.699+0000] {dagbag.py:587} INFO - Filling up the DagBag from /opt/airflow/dags/alimenta_mongo.py
[2025-06-06T18:43:41.873+0000] {processor.py:925} INFO - DAG(s) 'mongo_db' retrieved from /opt/airflow/dags/alimenta_mongo.py
[2025-06-06T18:43:41.915+0000] {logging_mixin.py:190} INFO - [2025-06-06T18:43:41.914+0000] {dag.py:3229} INFO - Sync 1 DAGs
[2025-06-06T18:43:41.970+0000] {logging_mixin.py:190} INFO - [2025-06-06T18:43:41.970+0000] {dag.py:4156} INFO - Setting next_dagrun for mongo_db to 2025-06-06 00:00:00+00:00, run_after=2025-06-07 00:00:00+00:00
[2025-06-06T18:43:42.023+0000] {processor.py:208} INFO - Processing /opt/airflow/dags/alimenta_mongo.py took 0.352 seconds
[2025-06-06T18:44:12.367+0000] {processor.py:186} INFO - Started process (PID=1651) to work on /opt/airflow/dags/alimenta_mongo.py
[2025-06-06T18:44:12.370+0000] {processor.py:914} INFO - Processing file /opt/airflow/dags/alimenta_mongo.py for tasks to queue
[2025-06-06T18:44:12.377+0000] {logging_mixin.py:190} INFO - [2025-06-06T18:44:12.376+0000] {dagbag.py:587} INFO - Filling up the DagBag from /opt/airflow/dags/alimenta_mongo.py
[2025-06-06T18:44:12.566+0000] {processor.py:925} INFO - DAG(s) 'mongo_db' retrieved from /opt/airflow/dags/alimenta_mongo.py
[2025-06-06T18:44:12.610+0000] {logging_mixin.py:190} INFO - [2025-06-06T18:44:12.610+0000] {dag.py:3229} INFO - Sync 1 DAGs
[2025-06-06T18:44:12.683+0000] {logging_mixin.py:190} INFO - [2025-06-06T18:44:12.682+0000] {dag.py:4156} INFO - Setting next_dagrun for mongo_db to 2025-06-06 00:00:00+00:00, run_after=2025-06-07 00:00:00+00:00
[2025-06-06T18:44:12.746+0000] {processor.py:208} INFO - Processing /opt/airflow/dags/alimenta_mongo.py took 0.393 seconds
[2025-06-06T18:44:43.440+0000] {processor.py:186} INFO - Started process (PID=1714) to work on /opt/airflow/dags/alimenta_mongo.py
[2025-06-06T18:44:43.443+0000] {processor.py:914} INFO - Processing file /opt/airflow/dags/alimenta_mongo.py for tasks to queue
[2025-06-06T18:44:43.451+0000] {logging_mixin.py:190} INFO - [2025-06-06T18:44:43.450+0000] {dagbag.py:587} INFO - Filling up the DagBag from /opt/airflow/dags/alimenta_mongo.py
[2025-06-06T18:44:43.658+0000] {processor.py:925} INFO - DAG(s) 'mongo_db' retrieved from /opt/airflow/dags/alimenta_mongo.py
[2025-06-06T18:44:43.719+0000] {logging_mixin.py:190} INFO - [2025-06-06T18:44:43.719+0000] {dag.py:3229} INFO - Sync 1 DAGs
[2025-06-06T18:44:43.804+0000] {logging_mixin.py:190} INFO - [2025-06-06T18:44:43.803+0000] {dag.py:4156} INFO - Setting next_dagrun for mongo_db to 2025-06-06 00:00:00+00:00, run_after=2025-06-07 00:00:00+00:00
[2025-06-06T18:44:43.859+0000] {processor.py:208} INFO - Processing /opt/airflow/dags/alimenta_mongo.py took 0.439 seconds
[2025-06-06T18:45:14.719+0000] {processor.py:186} INFO - Started process (PID=1777) to work on /opt/airflow/dags/alimenta_mongo.py
[2025-06-06T18:45:14.723+0000] {processor.py:914} INFO - Processing file /opt/airflow/dags/alimenta_mongo.py for tasks to queue
[2025-06-06T18:45:14.732+0000] {logging_mixin.py:190} INFO - [2025-06-06T18:45:14.731+0000] {dagbag.py:587} INFO - Filling up the DagBag from /opt/airflow/dags/alimenta_mongo.py
[2025-06-06T18:45:14.974+0000] {processor.py:925} INFO - DAG(s) 'mongo_db' retrieved from /opt/airflow/dags/alimenta_mongo.py
[2025-06-06T18:45:15.044+0000] {logging_mixin.py:190} INFO - [2025-06-06T18:45:15.043+0000] {dag.py:3229} INFO - Sync 1 DAGs
[2025-06-06T18:45:15.120+0000] {logging_mixin.py:190} INFO - [2025-06-06T18:45:15.120+0000] {dag.py:4156} INFO - Setting next_dagrun for mongo_db to 2025-06-06 00:00:00+00:00, run_after=2025-06-07 00:00:00+00:00
[2025-06-06T18:45:15.175+0000] {processor.py:208} INFO - Processing /opt/airflow/dags/alimenta_mongo.py took 0.476 seconds
[2025-06-06T18:45:46.246+0000] {processor.py:186} INFO - Started process (PID=1840) to work on /opt/airflow/dags/alimenta_mongo.py
[2025-06-06T18:45:46.250+0000] {processor.py:914} INFO - Processing file /opt/airflow/dags/alimenta_mongo.py for tasks to queue
[2025-06-06T18:45:46.262+0000] {logging_mixin.py:190} INFO - [2025-06-06T18:45:46.261+0000] {dagbag.py:587} INFO - Filling up the DagBag from /opt/airflow/dags/alimenta_mongo.py
[2025-06-06T18:45:46.929+0000] {processor.py:925} INFO - DAG(s) 'mongo_db' retrieved from /opt/airflow/dags/alimenta_mongo.py
[2025-06-06T18:45:47.064+0000] {logging_mixin.py:190} INFO - [2025-06-06T18:45:47.063+0000] {dag.py:3229} INFO - Sync 1 DAGs
[2025-06-06T18:45:47.182+0000] {logging_mixin.py:190} INFO - [2025-06-06T18:45:47.181+0000] {dag.py:4156} INFO - Setting next_dagrun for mongo_db to 2025-06-06 00:00:00+00:00, run_after=2025-06-07 00:00:00+00:00
[2025-06-06T18:45:47.291+0000] {processor.py:208} INFO - Processing /opt/airflow/dags/alimenta_mongo.py took 1.074 seconds
[2025-06-06T18:46:22.750+0000] {processor.py:186} INFO - Started process (PID=1901) to work on /opt/airflow/dags/alimenta_mongo.py
[2025-06-06T18:46:22.764+0000] {processor.py:914} INFO - Processing file /opt/airflow/dags/alimenta_mongo.py for tasks to queue
[2025-06-06T18:46:22.777+0000] {logging_mixin.py:190} INFO - [2025-06-06T18:46:22.775+0000] {dagbag.py:587} INFO - Filling up the DagBag from /opt/airflow/dags/alimenta_mongo.py
[2025-06-06T18:46:23.813+0000] {processor.py:925} INFO - DAG(s) 'mongo_db' retrieved from /opt/airflow/dags/alimenta_mongo.py
[2025-06-06T18:46:23.948+0000] {logging_mixin.py:190} INFO - [2025-06-06T18:46:23.947+0000] {dag.py:3229} INFO - Sync 1 DAGs
[2025-06-06T18:46:24.187+0000] {logging_mixin.py:190} INFO - [2025-06-06T18:46:24.186+0000] {dag.py:4156} INFO - Setting next_dagrun for mongo_db to 2025-06-06 00:00:00+00:00, run_after=2025-06-07 00:00:00+00:00
[2025-06-06T18:46:24.524+0000] {processor.py:208} INFO - Processing /opt/airflow/dags/alimenta_mongo.py took 1.804 seconds
[2025-06-06T18:46:54.900+0000] {processor.py:186} INFO - Started process (PID=1964) to work on /opt/airflow/dags/alimenta_mongo.py
[2025-06-06T18:46:54.904+0000] {processor.py:914} INFO - Processing file /opt/airflow/dags/alimenta_mongo.py for tasks to queue
[2025-06-06T18:46:54.912+0000] {logging_mixin.py:190} INFO - [2025-06-06T18:46:54.911+0000] {dagbag.py:587} INFO - Filling up the DagBag from /opt/airflow/dags/alimenta_mongo.py
[2025-06-06T18:46:55.335+0000] {processor.py:925} INFO - DAG(s) 'mongo_db' retrieved from /opt/airflow/dags/alimenta_mongo.py
[2025-06-06T18:46:55.394+0000] {logging_mixin.py:190} INFO - [2025-06-06T18:46:55.393+0000] {dag.py:3229} INFO - Sync 1 DAGs
[2025-06-06T18:46:55.488+0000] {logging_mixin.py:190} INFO - [2025-06-06T18:46:55.486+0000] {dag.py:4156} INFO - Setting next_dagrun for mongo_db to 2025-06-06 00:00:00+00:00, run_after=2025-06-07 00:00:00+00:00
[2025-06-06T18:46:55.548+0000] {processor.py:208} INFO - Processing /opt/airflow/dags/alimenta_mongo.py took 0.668 seconds
[2025-06-06T18:47:31.147+0000] {processor.py:186} INFO - Started process (PID=2021) to work on /opt/airflow/dags/alimenta_mongo.py
[2025-06-06T18:47:31.159+0000] {processor.py:914} INFO - Processing file /opt/airflow/dags/alimenta_mongo.py for tasks to queue
[2025-06-06T18:47:31.176+0000] {logging_mixin.py:190} INFO - [2025-06-06T18:47:31.175+0000] {dagbag.py:587} INFO - Filling up the DagBag from /opt/airflow/dags/alimenta_mongo.py
[2025-06-06T18:47:31.784+0000] {processor.py:925} INFO - DAG(s) 'mongo_db' retrieved from /opt/airflow/dags/alimenta_mongo.py
[2025-06-06T18:47:31.914+0000] {logging_mixin.py:190} INFO - [2025-06-06T18:47:31.913+0000] {dag.py:3229} INFO - Sync 1 DAGs
[2025-06-06T18:47:32.103+0000] {logging_mixin.py:190} INFO - [2025-06-06T18:47:32.103+0000] {dag.py:4156} INFO - Setting next_dagrun for mongo_db to 2025-06-06 00:00:00+00:00, run_after=2025-06-07 00:00:00+00:00
[2025-06-06T18:47:32.222+0000] {processor.py:208} INFO - Processing /opt/airflow/dags/alimenta_mongo.py took 1.114 seconds
[2025-06-06T18:48:02.503+0000] {processor.py:186} INFO - Started process (PID=2083) to work on /opt/airflow/dags/alimenta_mongo.py
[2025-06-06T18:48:02.509+0000] {processor.py:914} INFO - Processing file /opt/airflow/dags/alimenta_mongo.py for tasks to queue
[2025-06-06T18:48:02.520+0000] {logging_mixin.py:190} INFO - [2025-06-06T18:48:02.519+0000] {dagbag.py:587} INFO - Filling up the DagBag from /opt/airflow/dags/alimenta_mongo.py
[2025-06-06T18:48:02.879+0000] {processor.py:925} INFO - DAG(s) 'mongo_db' retrieved from /opt/airflow/dags/alimenta_mongo.py
[2025-06-06T18:48:02.997+0000] {logging_mixin.py:190} INFO - [2025-06-06T18:48:02.995+0000] {dag.py:3229} INFO - Sync 1 DAGs
[2025-06-06T18:48:03.108+0000] {logging_mixin.py:190} INFO - [2025-06-06T18:48:03.108+0000] {dag.py:4156} INFO - Setting next_dagrun for mongo_db to 2025-06-06 00:00:00+00:00, run_after=2025-06-07 00:00:00+00:00
[2025-06-06T18:48:03.226+0000] {processor.py:208} INFO - Processing /opt/airflow/dags/alimenta_mongo.py took 0.750 seconds
[2025-06-06T18:48:33.486+0000] {processor.py:186} INFO - Started process (PID=2147) to work on /opt/airflow/dags/alimenta_mongo.py
[2025-06-06T18:48:33.489+0000] {processor.py:914} INFO - Processing file /opt/airflow/dags/alimenta_mongo.py for tasks to queue
[2025-06-06T18:48:33.496+0000] {logging_mixin.py:190} INFO - [2025-06-06T18:48:33.495+0000] {dagbag.py:587} INFO - Filling up the DagBag from /opt/airflow/dags/alimenta_mongo.py
[2025-06-06T18:48:33.761+0000] {processor.py:925} INFO - DAG(s) 'mongo_db' retrieved from /opt/airflow/dags/alimenta_mongo.py
[2025-06-06T18:48:33.825+0000] {logging_mixin.py:190} INFO - [2025-06-06T18:48:33.825+0000] {dag.py:3229} INFO - Sync 1 DAGs
[2025-06-06T18:48:33.932+0000] {logging_mixin.py:190} INFO - [2025-06-06T18:48:33.931+0000] {dag.py:4156} INFO - Setting next_dagrun for mongo_db to 2025-06-06 00:00:00+00:00, run_after=2025-06-07 00:00:00+00:00
[2025-06-06T18:48:34.030+0000] {processor.py:208} INFO - Processing /opt/airflow/dags/alimenta_mongo.py took 0.562 seconds
[2025-06-06T18:49:04.360+0000] {processor.py:186} INFO - Started process (PID=2210) to work on /opt/airflow/dags/alimenta_mongo.py
[2025-06-06T18:49:04.363+0000] {processor.py:914} INFO - Processing file /opt/airflow/dags/alimenta_mongo.py for tasks to queue
[2025-06-06T18:49:04.371+0000] {logging_mixin.py:190} INFO - [2025-06-06T18:49:04.369+0000] {dagbag.py:587} INFO - Filling up the DagBag from /opt/airflow/dags/alimenta_mongo.py
[2025-06-06T18:49:04.893+0000] {processor.py:925} INFO - DAG(s) 'mongo_db' retrieved from /opt/airflow/dags/alimenta_mongo.py
[2025-06-06T18:49:05.018+0000] {logging_mixin.py:190} INFO - [2025-06-06T18:49:05.017+0000] {dag.py:3229} INFO - Sync 1 DAGs
[2025-06-06T18:49:05.148+0000] {logging_mixin.py:190} INFO - [2025-06-06T18:49:05.147+0000] {dag.py:4156} INFO - Setting next_dagrun for mongo_db to 2025-06-06 00:00:00+00:00, run_after=2025-06-07 00:00:00+00:00
[2025-06-06T18:49:05.283+0000] {processor.py:208} INFO - Processing /opt/airflow/dags/alimenta_mongo.py took 0.941 seconds
[2025-06-06T18:49:36.234+0000] {processor.py:186} INFO - Started process (PID=2279) to work on /opt/airflow/dags/alimenta_mongo.py
[2025-06-06T18:49:36.236+0000] {processor.py:914} INFO - Processing file /opt/airflow/dags/alimenta_mongo.py for tasks to queue
[2025-06-06T18:49:36.244+0000] {logging_mixin.py:190} INFO - [2025-06-06T18:49:36.242+0000] {dagbag.py:587} INFO - Filling up the DagBag from /opt/airflow/dags/alimenta_mongo.py
[2025-06-06T18:49:36.632+0000] {processor.py:925} INFO - DAG(s) 'mongo_db' retrieved from /opt/airflow/dags/alimenta_mongo.py
[2025-06-06T18:49:36.716+0000] {logging_mixin.py:190} INFO - [2025-06-06T18:49:36.715+0000] {dag.py:3229} INFO - Sync 1 DAGs
[2025-06-06T18:49:36.799+0000] {logging_mixin.py:190} INFO - [2025-06-06T18:49:36.798+0000] {dag.py:4156} INFO - Setting next_dagrun for mongo_db to 2025-06-06 00:00:00+00:00, run_after=2025-06-07 00:00:00+00:00
[2025-06-06T18:49:36.860+0000] {processor.py:208} INFO - Processing /opt/airflow/dags/alimenta_mongo.py took 0.645 seconds
[2025-06-06T18:50:07.595+0000] {processor.py:186} INFO - Started process (PID=2341) to work on /opt/airflow/dags/alimenta_mongo.py
[2025-06-06T18:50:07.599+0000] {processor.py:914} INFO - Processing file /opt/airflow/dags/alimenta_mongo.py for tasks to queue
[2025-06-06T18:50:07.627+0000] {logging_mixin.py:190} INFO - [2025-06-06T18:50:07.626+0000] {dagbag.py:587} INFO - Filling up the DagBag from /opt/airflow/dags/alimenta_mongo.py
[2025-06-06T18:50:08.215+0000] {processor.py:925} INFO - DAG(s) 'mongo_db' retrieved from /opt/airflow/dags/alimenta_mongo.py
[2025-06-06T18:50:08.346+0000] {logging_mixin.py:190} INFO - [2025-06-06T18:50:08.345+0000] {dag.py:3229} INFO - Sync 1 DAGs
[2025-06-06T18:50:08.496+0000] {logging_mixin.py:190} INFO - [2025-06-06T18:50:08.495+0000] {dag.py:4156} INFO - Setting next_dagrun for mongo_db to 2025-06-06 00:00:00+00:00, run_after=2025-06-07 00:00:00+00:00
[2025-06-06T18:50:08.651+0000] {processor.py:208} INFO - Processing /opt/airflow/dags/alimenta_mongo.py took 1.110 seconds
[2025-06-06T18:50:38.983+0000] {processor.py:186} INFO - Started process (PID=2404) to work on /opt/airflow/dags/alimenta_mongo.py
[2025-06-06T18:50:38.986+0000] {processor.py:914} INFO - Processing file /opt/airflow/dags/alimenta_mongo.py for tasks to queue
[2025-06-06T18:50:38.993+0000] {logging_mixin.py:190} INFO - [2025-06-06T18:50:38.992+0000] {dagbag.py:587} INFO - Filling up the DagBag from /opt/airflow/dags/alimenta_mongo.py
[2025-06-06T18:50:39.177+0000] {processor.py:925} INFO - DAG(s) 'mongo_db' retrieved from /opt/airflow/dags/alimenta_mongo.py
[2025-06-06T18:50:39.232+0000] {logging_mixin.py:190} INFO - [2025-06-06T18:50:39.231+0000] {dag.py:3229} INFO - Sync 1 DAGs
[2025-06-06T18:50:39.297+0000] {logging_mixin.py:190} INFO - [2025-06-06T18:50:39.297+0000] {dag.py:4156} INFO - Setting next_dagrun for mongo_db to 2025-06-06 00:00:00+00:00, run_after=2025-06-07 00:00:00+00:00
[2025-06-06T18:50:39.348+0000] {processor.py:208} INFO - Processing /opt/airflow/dags/alimenta_mongo.py took 0.381 seconds
[2025-06-06T18:51:10.152+0000] {processor.py:186} INFO - Started process (PID=2467) to work on /opt/airflow/dags/alimenta_mongo.py
[2025-06-06T18:51:10.155+0000] {processor.py:914} INFO - Processing file /opt/airflow/dags/alimenta_mongo.py for tasks to queue
[2025-06-06T18:51:10.163+0000] {logging_mixin.py:190} INFO - [2025-06-06T18:51:10.161+0000] {dagbag.py:587} INFO - Filling up the DagBag from /opt/airflow/dags/alimenta_mongo.py
[2025-06-06T18:51:10.393+0000] {processor.py:925} INFO - DAG(s) 'mongo_db' retrieved from /opt/airflow/dags/alimenta_mongo.py
[2025-06-06T18:51:10.455+0000] {logging_mixin.py:190} INFO - [2025-06-06T18:51:10.454+0000] {dag.py:3229} INFO - Sync 1 DAGs
[2025-06-06T18:51:10.539+0000] {logging_mixin.py:190} INFO - [2025-06-06T18:51:10.539+0000] {dag.py:4156} INFO - Setting next_dagrun for mongo_db to 2025-06-06 00:00:00+00:00, run_after=2025-06-07 00:00:00+00:00
[2025-06-06T18:51:10.590+0000] {processor.py:208} INFO - Processing /opt/airflow/dags/alimenta_mongo.py took 0.458 seconds
[2025-06-06T18:51:41.292+0000] {processor.py:186} INFO - Started process (PID=2529) to work on /opt/airflow/dags/alimenta_mongo.py
[2025-06-06T18:51:41.295+0000] {processor.py:914} INFO - Processing file /opt/airflow/dags/alimenta_mongo.py for tasks to queue
[2025-06-06T18:51:41.300+0000] {logging_mixin.py:190} INFO - [2025-06-06T18:51:41.299+0000] {dagbag.py:587} INFO - Filling up the DagBag from /opt/airflow/dags/alimenta_mongo.py
[2025-06-06T18:51:41.469+0000] {processor.py:925} INFO - DAG(s) 'mongo_db' retrieved from /opt/airflow/dags/alimenta_mongo.py
[2025-06-06T18:51:41.508+0000] {logging_mixin.py:190} INFO - [2025-06-06T18:51:41.508+0000] {dag.py:3229} INFO - Sync 1 DAGs
[2025-06-06T18:51:41.561+0000] {logging_mixin.py:190} INFO - [2025-06-06T18:51:41.560+0000] {dag.py:4156} INFO - Setting next_dagrun for mongo_db to 2025-06-06 00:00:00+00:00, run_after=2025-06-07 00:00:00+00:00
[2025-06-06T18:51:41.601+0000] {processor.py:208} INFO - Processing /opt/airflow/dags/alimenta_mongo.py took 0.324 seconds
[2025-06-06T18:52:12.354+0000] {processor.py:186} INFO - Started process (PID=2591) to work on /opt/airflow/dags/alimenta_mongo.py
[2025-06-06T18:52:12.357+0000] {processor.py:914} INFO - Processing file /opt/airflow/dags/alimenta_mongo.py for tasks to queue
[2025-06-06T18:52:12.362+0000] {logging_mixin.py:190} INFO - [2025-06-06T18:52:12.362+0000] {dagbag.py:587} INFO - Filling up the DagBag from /opt/airflow/dags/alimenta_mongo.py
[2025-06-06T18:52:12.523+0000] {processor.py:925} INFO - DAG(s) 'mongo_db' retrieved from /opt/airflow/dags/alimenta_mongo.py
[2025-06-06T18:52:12.561+0000] {logging_mixin.py:190} INFO - [2025-06-06T18:52:12.561+0000] {dag.py:3229} INFO - Sync 1 DAGs
[2025-06-06T18:52:12.617+0000] {logging_mixin.py:190} INFO - [2025-06-06T18:52:12.616+0000] {dag.py:4156} INFO - Setting next_dagrun for mongo_db to 2025-06-06 00:00:00+00:00, run_after=2025-06-07 00:00:00+00:00
[2025-06-06T18:52:12.664+0000] {processor.py:208} INFO - Processing /opt/airflow/dags/alimenta_mongo.py took 0.323 seconds
[2025-06-06T18:52:42.883+0000] {processor.py:186} INFO - Started process (PID=2654) to work on /opt/airflow/dags/alimenta_mongo.py
[2025-06-06T18:52:42.885+0000] {processor.py:914} INFO - Processing file /opt/airflow/dags/alimenta_mongo.py for tasks to queue
[2025-06-06T18:52:42.892+0000] {logging_mixin.py:190} INFO - [2025-06-06T18:52:42.891+0000] {dagbag.py:587} INFO - Filling up the DagBag from /opt/airflow/dags/alimenta_mongo.py
[2025-06-06T18:52:43.058+0000] {processor.py:925} INFO - DAG(s) 'mongo_db' retrieved from /opt/airflow/dags/alimenta_mongo.py
[2025-06-06T18:52:43.109+0000] {logging_mixin.py:190} INFO - [2025-06-06T18:52:43.109+0000] {dag.py:3229} INFO - Sync 1 DAGs
[2025-06-06T18:52:43.177+0000] {logging_mixin.py:190} INFO - [2025-06-06T18:52:43.176+0000] {dag.py:4156} INFO - Setting next_dagrun for mongo_db to 2025-06-06 00:00:00+00:00, run_after=2025-06-07 00:00:00+00:00
[2025-06-06T18:52:43.231+0000] {processor.py:208} INFO - Processing /opt/airflow/dags/alimenta_mongo.py took 0.362 seconds
[2025-06-06T18:53:13.346+0000] {processor.py:186} INFO - Started process (PID=2716) to work on /opt/airflow/dags/alimenta_mongo.py
[2025-06-06T18:53:13.349+0000] {processor.py:914} INFO - Processing file /opt/airflow/dags/alimenta_mongo.py for tasks to queue
[2025-06-06T18:53:13.355+0000] {logging_mixin.py:190} INFO - [2025-06-06T18:53:13.354+0000] {dagbag.py:587} INFO - Filling up the DagBag from /opt/airflow/dags/alimenta_mongo.py
[2025-06-06T18:53:13.511+0000] {processor.py:925} INFO - DAG(s) 'mongo_db' retrieved from /opt/airflow/dags/alimenta_mongo.py
[2025-06-06T18:53:13.560+0000] {logging_mixin.py:190} INFO - [2025-06-06T18:53:13.559+0000] {dag.py:3229} INFO - Sync 1 DAGs
[2025-06-06T18:53:13.652+0000] {logging_mixin.py:190} INFO - [2025-06-06T18:53:13.652+0000] {dag.py:4156} INFO - Setting next_dagrun for mongo_db to 2025-06-06 00:00:00+00:00, run_after=2025-06-07 00:00:00+00:00
[2025-06-06T18:53:13.718+0000] {processor.py:208} INFO - Processing /opt/airflow/dags/alimenta_mongo.py took 0.388 seconds
[2025-06-06T18:53:43.834+0000] {processor.py:186} INFO - Started process (PID=2779) to work on /opt/airflow/dags/alimenta_mongo.py
[2025-06-06T18:53:43.836+0000] {processor.py:914} INFO - Processing file /opt/airflow/dags/alimenta_mongo.py for tasks to queue
[2025-06-06T18:53:43.843+0000] {logging_mixin.py:190} INFO - [2025-06-06T18:53:43.842+0000] {dagbag.py:587} INFO - Filling up the DagBag from /opt/airflow/dags/alimenta_mongo.py
[2025-06-06T18:53:44.022+0000] {processor.py:925} INFO - DAG(s) 'mongo_db' retrieved from /opt/airflow/dags/alimenta_mongo.py
[2025-06-06T18:53:44.096+0000] {logging_mixin.py:190} INFO - [2025-06-06T18:53:44.096+0000] {dag.py:3229} INFO - Sync 1 DAGs
[2025-06-06T18:53:44.571+0000] {logging_mixin.py:190} INFO - [2025-06-06T18:53:44.570+0000] {dag.py:4156} INFO - Setting next_dagrun for mongo_db to 2025-06-06 00:00:00+00:00, run_after=2025-06-07 00:00:00+00:00
[2025-06-06T18:53:44.607+0000] {processor.py:208} INFO - Processing /opt/airflow/dags/alimenta_mongo.py took 0.788 seconds
[2025-06-06T18:54:14.892+0000] {processor.py:186} INFO - Started process (PID=2842) to work on /opt/airflow/dags/alimenta_mongo.py
[2025-06-06T18:54:14.894+0000] {processor.py:914} INFO - Processing file /opt/airflow/dags/alimenta_mongo.py for tasks to queue
[2025-06-06T18:54:14.902+0000] {logging_mixin.py:190} INFO - [2025-06-06T18:54:14.900+0000] {dagbag.py:587} INFO - Filling up the DagBag from /opt/airflow/dags/alimenta_mongo.py
[2025-06-06T18:54:15.052+0000] {processor.py:925} INFO - DAG(s) 'mongo_db' retrieved from /opt/airflow/dags/alimenta_mongo.py
[2025-06-06T18:54:15.098+0000] {logging_mixin.py:190} INFO - [2025-06-06T18:54:15.097+0000] {dag.py:3229} INFO - Sync 1 DAGs
[2025-06-06T18:54:15.166+0000] {logging_mixin.py:190} INFO - [2025-06-06T18:54:15.166+0000] {dag.py:4156} INFO - Setting next_dagrun for mongo_db to 2025-06-06 00:00:00+00:00, run_after=2025-06-07 00:00:00+00:00
[2025-06-06T18:54:15.663+0000] {processor.py:208} INFO - Processing /opt/airflow/dags/alimenta_mongo.py took 0.792 seconds
[2025-06-06T18:54:46.106+0000] {processor.py:186} INFO - Started process (PID=2906) to work on /opt/airflow/dags/alimenta_mongo.py
[2025-06-06T18:54:46.108+0000] {processor.py:914} INFO - Processing file /opt/airflow/dags/alimenta_mongo.py for tasks to queue
[2025-06-06T18:54:46.113+0000] {logging_mixin.py:190} INFO - [2025-06-06T18:54:46.112+0000] {dagbag.py:587} INFO - Filling up the DagBag from /opt/airflow/dags/alimenta_mongo.py
[2025-06-06T18:54:46.301+0000] {processor.py:925} INFO - DAG(s) 'mongo_db' retrieved from /opt/airflow/dags/alimenta_mongo.py
[2025-06-06T18:54:46.362+0000] {logging_mixin.py:190} INFO - [2025-06-06T18:54:46.362+0000] {dag.py:3229} INFO - Sync 1 DAGs
[2025-06-06T18:54:46.429+0000] {logging_mixin.py:190} INFO - [2025-06-06T18:54:46.429+0000] {dag.py:4156} INFO - Setting next_dagrun for mongo_db to 2025-06-06 00:00:00+00:00, run_after=2025-06-07 00:00:00+00:00
[2025-06-06T18:54:46.472+0000] {processor.py:208} INFO - Processing /opt/airflow/dags/alimenta_mongo.py took 0.386 seconds
[2025-06-06T18:55:18.737+0000] {processor.py:186} INFO - Started process (PID=2968) to work on /opt/airflow/dags/alimenta_mongo.py
[2025-06-06T18:55:18.750+0000] {processor.py:914} INFO - Processing file /opt/airflow/dags/alimenta_mongo.py for tasks to queue
[2025-06-06T18:55:18.759+0000] {logging_mixin.py:190} INFO - [2025-06-06T18:55:18.758+0000] {dagbag.py:587} INFO - Filling up the DagBag from /opt/airflow/dags/alimenta_mongo.py
[2025-06-06T18:55:19.409+0000] {processor.py:925} INFO - DAG(s) 'mongo_db' retrieved from /opt/airflow/dags/alimenta_mongo.py
[2025-06-06T18:55:19.541+0000] {logging_mixin.py:190} INFO - [2025-06-06T18:55:19.540+0000] {dag.py:3229} INFO - Sync 1 DAGs
[2025-06-06T18:55:19.968+0000] {logging_mixin.py:190} INFO - [2025-06-06T18:55:19.968+0000] {dag.py:4156} INFO - Setting next_dagrun for mongo_db to 2025-06-06 00:00:00+00:00, run_after=2025-06-07 00:00:00+00:00
[2025-06-06T18:55:20.455+0000] {processor.py:208} INFO - Processing /opt/airflow/dags/alimenta_mongo.py took 1.759 seconds
[2025-06-06T18:55:51.626+0000] {processor.py:186} INFO - Started process (PID=3033) to work on /opt/airflow/dags/alimenta_mongo.py
[2025-06-06T18:55:51.634+0000] {processor.py:914} INFO - Processing file /opt/airflow/dags/alimenta_mongo.py for tasks to queue
[2025-06-06T18:55:51.669+0000] {logging_mixin.py:190} INFO - [2025-06-06T18:55:51.658+0000] {dagbag.py:587} INFO - Filling up the DagBag from /opt/airflow/dags/alimenta_mongo.py
[2025-06-06T18:55:52.105+0000] {processor.py:925} INFO - DAG(s) 'mongo_db' retrieved from /opt/airflow/dags/alimenta_mongo.py
[2025-06-06T18:55:52.236+0000] {logging_mixin.py:190} INFO - [2025-06-06T18:55:52.235+0000] {dag.py:3229} INFO - Sync 1 DAGs
[2025-06-06T18:55:53.490+0000] {logging_mixin.py:190} INFO - [2025-06-06T18:55:53.489+0000] {dag.py:4156} INFO - Setting next_dagrun for mongo_db to 2025-06-06 00:00:00+00:00, run_after=2025-06-07 00:00:00+00:00
[2025-06-06T18:55:53.605+0000] {processor.py:208} INFO - Processing /opt/airflow/dags/alimenta_mongo.py took 2.043 seconds
[2025-06-06T18:56:25.177+0000] {processor.py:186} INFO - Started process (PID=3096) to work on /opt/airflow/dags/alimenta_mongo.py
[2025-06-06T18:56:25.180+0000] {processor.py:914} INFO - Processing file /opt/airflow/dags/alimenta_mongo.py for tasks to queue
[2025-06-06T18:56:25.190+0000] {logging_mixin.py:190} INFO - [2025-06-06T18:56:25.189+0000] {dagbag.py:587} INFO - Filling up the DagBag from /opt/airflow/dags/alimenta_mongo.py
[2025-06-06T18:56:25.639+0000] {processor.py:925} INFO - DAG(s) 'mongo_db' retrieved from /opt/airflow/dags/alimenta_mongo.py
[2025-06-06T18:56:25.792+0000] {logging_mixin.py:190} INFO - [2025-06-06T18:56:25.791+0000] {dag.py:3229} INFO - Sync 1 DAGs
[2025-06-06T18:56:26.655+0000] {logging_mixin.py:190} INFO - [2025-06-06T18:56:26.654+0000] {dag.py:4156} INFO - Setting next_dagrun for mongo_db to 2025-06-06 00:00:00+00:00, run_after=2025-06-07 00:00:00+00:00
[2025-06-06T18:56:26.754+0000] {processor.py:208} INFO - Processing /opt/airflow/dags/alimenta_mongo.py took 1.602 seconds
[2025-06-06T18:56:56.993+0000] {processor.py:186} INFO - Started process (PID=3160) to work on /opt/airflow/dags/alimenta_mongo.py
[2025-06-06T18:56:56.995+0000] {processor.py:914} INFO - Processing file /opt/airflow/dags/alimenta_mongo.py for tasks to queue
[2025-06-06T18:56:57.001+0000] {logging_mixin.py:190} INFO - [2025-06-06T18:56:57.000+0000] {dagbag.py:587} INFO - Filling up the DagBag from /opt/airflow/dags/alimenta_mongo.py
[2025-06-06T18:56:57.164+0000] {processor.py:925} INFO - DAG(s) 'mongo_db' retrieved from /opt/airflow/dags/alimenta_mongo.py
[2025-06-06T18:56:57.204+0000] {logging_mixin.py:190} INFO - [2025-06-06T18:56:57.204+0000] {dag.py:3229} INFO - Sync 1 DAGs
[2025-06-06T18:56:57.285+0000] {logging_mixin.py:190} INFO - [2025-06-06T18:56:57.285+0000] {dag.py:4156} INFO - Setting next_dagrun for mongo_db to 2025-06-06 00:00:00+00:00, run_after=2025-06-07 00:00:00+00:00
[2025-06-06T18:56:57.637+0000] {processor.py:208} INFO - Processing /opt/airflow/dags/alimenta_mongo.py took 0.661 seconds
[2025-06-06T18:57:28.974+0000] {processor.py:186} INFO - Started process (PID=3224) to work on /opt/airflow/dags/alimenta_mongo.py
[2025-06-06T18:57:28.976+0000] {processor.py:914} INFO - Processing file /opt/airflow/dags/alimenta_mongo.py for tasks to queue
[2025-06-06T18:57:28.984+0000] {logging_mixin.py:190} INFO - [2025-06-06T18:57:28.983+0000] {dagbag.py:587} INFO - Filling up the DagBag from /opt/airflow/dags/alimenta_mongo.py
[2025-06-06T18:57:29.490+0000] {processor.py:925} INFO - DAG(s) 'mongo_db' retrieved from /opt/airflow/dags/alimenta_mongo.py
[2025-06-06T18:57:29.520+0000] {logging_mixin.py:190} INFO - [2025-06-06T18:57:29.519+0000] {dag.py:3229} INFO - Sync 1 DAGs
[2025-06-06T18:57:29.568+0000] {logging_mixin.py:190} INFO - [2025-06-06T18:57:29.567+0000] {dag.py:4156} INFO - Setting next_dagrun for mongo_db to 2025-06-06 00:00:00+00:00, run_after=2025-06-07 00:00:00+00:00
[2025-06-06T18:57:29.608+0000] {processor.py:208} INFO - Processing /opt/airflow/dags/alimenta_mongo.py took 0.649 seconds
