[2025-06-06T18:30:13.223+0000] {local_task_job_runner.py:123} INFO - ::group::Pre task execution logs
[2025-06-06T18:30:13.437+0000] {taskinstance.py:2612} INFO - Dependencies all met for dep_context=non-requeueable deps ti=<TaskInstance: mongo_db.insert_mongodb scheduled__2024-12-24T00:00:00+00:00 [queued]>
[2025-06-06T18:30:13.597+0000] {taskinstance.py:2612} INFO - Dependencies all met for dep_context=requeueable deps ti=<TaskInstance: mongo_db.insert_mongodb scheduled__2024-12-24T00:00:00+00:00 [queued]>
[2025-06-06T18:30:13.601+0000] {taskinstance.py:2865} INFO - Starting attempt 2 of 3
[2025-06-06T18:30:14.132+0000] {taskinstance.py:2888} INFO - Executing <Task(PythonOperator): insert_mongodb> on 2024-12-24 00:00:00+00:00
[2025-06-06T18:30:14.297+0000] {warnings.py:112} WARNING - /home/***/.local/lib/python3.12/site-packages/***/task/task_runner/standard_task_runner.py:70: DeprecationWarning: This process (pid=87) is multi-threaded, use of fork() may lead to deadlocks in the child.
  pid = os.fork()

[2025-06-06T18:30:14.463+0000] {standard_task_runner.py:72} INFO - Started process 110 to run task
[2025-06-06T18:30:14.329+0000] {standard_task_runner.py:104} INFO - Running: ['***', 'tasks', 'run', 'mongo_db', 'insert_mongodb', 'scheduled__2024-12-24T00:00:00+00:00', '--job-id', '633', '--raw', '--subdir', 'DAGS_FOLDER/alimenta_mongo.py', '--cfg-path', '/tmp/tmp85m__w2j']
[2025-06-06T18:30:14.498+0000] {standard_task_runner.py:105} INFO - Job 633: Subtask insert_mongodb
[2025-06-06T18:30:15.597+0000] {task_command.py:467} INFO - Running <TaskInstance: mongo_db.insert_mongodb scheduled__2024-12-24T00:00:00+00:00 [running]> on host 0a62496094f5
[2025-06-06T18:30:17.326+0000] {taskinstance.py:3131} INFO - Exporting env vars: AIRFLOW_CTX_DAG_OWNER='Maria Clara' AIRFLOW_CTX_DAG_ID='mongo_db' AIRFLOW_CTX_TASK_ID='insert_mongodb' AIRFLOW_CTX_EXECUTION_DATE='2024-12-24T00:00:00+00:00' AIRFLOW_CTX_TRY_NUMBER='2' AIRFLOW_CTX_DAG_RUN_ID='scheduled__2024-12-24T00:00:00+00:00'
[2025-06-06T18:30:17.448+0000] {logging_mixin.py:190} INFO - Task instance is in running state
[2025-06-06T18:30:17.612+0000] {logging_mixin.py:190} INFO -  Previous state of the Task instance: queued
[2025-06-06T18:30:17.706+0000] {logging_mixin.py:190} INFO - Current task name:insert_mongodb state:running start_date:2025-06-06 18:30:13.442594+00:00
[2025-06-06T18:30:17.721+0000] {logging_mixin.py:190} INFO - Dag name:mongo_db and current dag run status:running
[2025-06-06T18:30:17.739+0000] {taskinstance.py:731} INFO - ::endgroup::
[2025-06-06T18:30:19.008+0000] {python.py:240} INFO - Done. Returned value was: None
[2025-06-06T18:30:19.088+0000] {taskinstance.py:340} INFO - ::group::Post task execution logs
[2025-06-06T18:30:19.110+0000] {taskinstance.py:352} INFO - Marking task as SUCCESS. dag_id=mongo_db, task_id=insert_mongodb, run_id=scheduled__2024-12-24T00:00:00+00:00, execution_date=20241224T000000, start_date=20250606T183013, end_date=20250606T183019
[2025-06-06T18:30:19.239+0000] {logging_mixin.py:190} INFO - Task instance in success state
[2025-06-06T18:30:19.252+0000] {logging_mixin.py:190} INFO -  Previous state of the Task instance: running
[2025-06-06T18:30:19.256+0000] {logging_mixin.py:190} INFO - Dag name:mongo_db queued_at:2025-06-06 18:22:25.668331+00:00
[2025-06-06T18:30:19.281+0000] {logging_mixin.py:190} INFO - Task hostname:0a62496094f5 operator:PythonOperator
[2025-06-06T18:30:19.400+0000] {local_task_job_runner.py:266} INFO - Task exited with return code 0
[2025-06-06T18:30:19.510+0000] {standard_task_runner.py:217} INFO - Process not found (most likely exited), stop collecting metrics
[2025-06-06T18:30:19.691+0000] {taskinstance.py:3900} INFO - 0 downstream tasks scheduled from follow-on schedule check
[2025-06-06T18:30:19.817+0000] {local_task_job_runner.py:245} INFO - ::endgroup::
