[2025-06-06T18:34:18.107+0000] {local_task_job_runner.py:123} INFO - ::group::Pre task execution logs
[2025-06-06T18:34:18.167+0000] {taskinstance.py:2612} INFO - Dependencies all met for dep_context=non-requeueable deps ti=<TaskInstance: mongo_db.insert_mongodb scheduled__2025-04-05T00:00:00+00:00 [queued]>
[2025-06-06T18:34:18.226+0000] {taskinstance.py:2612} INFO - Dependencies all met for dep_context=requeueable deps ti=<TaskInstance: mongo_db.insert_mongodb scheduled__2025-04-05T00:00:00+00:00 [queued]>
[2025-06-06T18:34:18.227+0000] {taskinstance.py:2865} INFO - Starting attempt 1 of 3
[2025-06-06T18:34:18.313+0000] {taskinstance.py:2888} INFO - Executing <Task(PythonOperator): insert_mongodb> on 2025-04-05 00:00:00+00:00
[2025-06-06T18:34:18.337+0000] {warnings.py:112} WARNING - /home/***/.local/lib/python3.12/site-packages/***/task/task_runner/standard_task_runner.py:70: DeprecationWarning: This process (pid=799) is multi-threaded, use of fork() may lead to deadlocks in the child.
  pid = os.fork()

[2025-06-06T18:34:18.345+0000] {standard_task_runner.py:72} INFO - Started process 813 to run task
[2025-06-06T18:34:18.346+0000] {standard_task_runner.py:104} INFO - Running: ['***', 'tasks', 'run', 'mongo_db', 'insert_mongodb', 'scheduled__2025-04-05T00:00:00+00:00', '--job-id', '726', '--raw', '--subdir', 'DAGS_FOLDER/alimenta_mongo.py', '--cfg-path', '/tmp/tmpttd2xeyn']
[2025-06-06T18:34:18.361+0000] {standard_task_runner.py:105} INFO - Job 726: Subtask insert_mongodb
[2025-06-06T18:34:18.734+0000] {task_command.py:467} INFO - Running <TaskInstance: mongo_db.insert_mongodb scheduled__2025-04-05T00:00:00+00:00 [running]> on host 0a62496094f5
[2025-06-06T18:34:19.156+0000] {taskinstance.py:3131} INFO - Exporting env vars: AIRFLOW_CTX_DAG_OWNER='Maria Clara' AIRFLOW_CTX_DAG_ID='mongo_db' AIRFLOW_CTX_TASK_ID='insert_mongodb' AIRFLOW_CTX_EXECUTION_DATE='2025-04-05T00:00:00+00:00' AIRFLOW_CTX_TRY_NUMBER='1' AIRFLOW_CTX_DAG_RUN_ID='scheduled__2025-04-05T00:00:00+00:00'
[2025-06-06T18:34:19.164+0000] {logging_mixin.py:190} INFO - Task instance is in running state
[2025-06-06T18:34:19.166+0000] {logging_mixin.py:190} INFO -  Previous state of the Task instance: queued
[2025-06-06T18:34:19.168+0000] {logging_mixin.py:190} INFO - Current task name:insert_mongodb state:running start_date:2025-06-06 18:34:18.169794+00:00
[2025-06-06T18:34:19.171+0000] {logging_mixin.py:190} INFO - Dag name:mongo_db and current dag run status:running
[2025-06-06T18:34:19.173+0000] {taskinstance.py:731} INFO - ::endgroup::
[2025-06-06T18:34:19.396+0000] {python.py:240} INFO - Done. Returned value was: None
[2025-06-06T18:34:19.454+0000] {taskinstance.py:340} INFO - ::group::Post task execution logs
[2025-06-06T18:34:19.456+0000] {taskinstance.py:352} INFO - Marking task as SUCCESS. dag_id=mongo_db, task_id=insert_mongodb, run_id=scheduled__2025-04-05T00:00:00+00:00, execution_date=20250405T000000, start_date=20250606T183418, end_date=20250606T183419
[2025-06-06T18:34:19.520+0000] {logging_mixin.py:190} INFO - Task instance in success state
[2025-06-06T18:34:19.521+0000] {logging_mixin.py:190} INFO -  Previous state of the Task instance: running
[2025-06-06T18:34:19.522+0000] {logging_mixin.py:190} INFO - Dag name:mongo_db queued_at:2025-06-06 18:34:13.468847+00:00
[2025-06-06T18:34:19.523+0000] {logging_mixin.py:190} INFO - Task hostname:0a62496094f5 operator:PythonOperator
[2025-06-06T18:34:19.604+0000] {local_task_job_runner.py:266} INFO - Task exited with return code 0
[2025-06-06T18:34:19.694+0000] {taskinstance.py:3900} INFO - 0 downstream tasks scheduled from follow-on schedule check
[2025-06-06T18:34:19.710+0000] {local_task_job_runner.py:245} INFO - ::endgroup::
