[2025-06-06T18:32:43.440+0000] {local_task_job_runner.py:123} INFO - ::group::Pre task execution logs
[2025-06-06T18:32:43.538+0000] {taskinstance.py:2612} INFO - Dependencies all met for dep_context=non-requeueable deps ti=<TaskInstance: mongo_db.insert_mongodb scheduled__2025-02-15T00:00:00+00:00 [queued]>
[2025-06-06T18:32:43.607+0000] {taskinstance.py:2612} INFO - Dependencies all met for dep_context=requeueable deps ti=<TaskInstance: mongo_db.insert_mongodb scheduled__2025-02-15T00:00:00+00:00 [queued]>
[2025-06-06T18:32:43.608+0000] {taskinstance.py:2865} INFO - Starting attempt 1 of 3
[2025-06-06T18:32:43.736+0000] {taskinstance.py:2888} INFO - Executing <Task(PythonOperator): insert_mongodb> on 2025-02-15 00:00:00+00:00
[2025-06-06T18:32:43.860+0000] {standard_task_runner.py:104} INFO - Running: ['***', 'tasks', 'run', 'mongo_db', 'insert_mongodb', 'scheduled__2025-02-15T00:00:00+00:00', '--job-id', '677', '--raw', '--subdir', 'DAGS_FOLDER/alimenta_mongo.py', '--cfg-path', '/tmp/tmp5xvdyh_o']
[2025-06-06T18:32:43.876+0000] {standard_task_runner.py:105} INFO - Job 677: Subtask insert_mongodb
[2025-06-06T18:32:43.839+0000] {warnings.py:112} WARNING - /home/***/.local/lib/python3.12/site-packages/***/task/task_runner/standard_task_runner.py:70: DeprecationWarning: This process (pid=439) is multi-threaded, use of fork() may lead to deadlocks in the child.
  pid = os.fork()

[2025-06-06T18:32:43.890+0000] {standard_task_runner.py:72} INFO - Started process 470 to run task
[2025-06-06T18:32:44.188+0000] {task_command.py:467} INFO - Running <TaskInstance: mongo_db.insert_mongodb scheduled__2025-02-15T00:00:00+00:00 [running]> on host 0a62496094f5
[2025-06-06T18:32:44.805+0000] {taskinstance.py:3131} INFO - Exporting env vars: AIRFLOW_CTX_DAG_OWNER='Maria Clara' AIRFLOW_CTX_DAG_ID='mongo_db' AIRFLOW_CTX_TASK_ID='insert_mongodb' AIRFLOW_CTX_EXECUTION_DATE='2025-02-15T00:00:00+00:00' AIRFLOW_CTX_TRY_NUMBER='1' AIRFLOW_CTX_DAG_RUN_ID='scheduled__2025-02-15T00:00:00+00:00'
[2025-06-06T18:32:44.812+0000] {logging_mixin.py:190} INFO - Task instance is in running state
[2025-06-06T18:32:44.815+0000] {logging_mixin.py:190} INFO -  Previous state of the Task instance: queued
[2025-06-06T18:32:44.818+0000] {logging_mixin.py:190} INFO - Current task name:insert_mongodb state:running start_date:2025-06-06 18:32:43.541239+00:00
[2025-06-06T18:32:44.826+0000] {logging_mixin.py:190} INFO - Dag name:mongo_db and current dag run status:running
[2025-06-06T18:32:44.828+0000] {taskinstance.py:731} INFO - ::endgroup::
[2025-06-06T18:32:45.174+0000] {python.py:240} INFO - Done. Returned value was: None
[2025-06-06T18:32:45.246+0000] {taskinstance.py:340} INFO - ::group::Post task execution logs
[2025-06-06T18:32:45.248+0000] {taskinstance.py:352} INFO - Marking task as SUCCESS. dag_id=mongo_db, task_id=insert_mongodb, run_id=scheduled__2025-02-15T00:00:00+00:00, execution_date=20250215T000000, start_date=20250606T183243, end_date=20250606T183245
[2025-06-06T18:32:45.302+0000] {logging_mixin.py:190} INFO - Task instance in success state
[2025-06-06T18:32:45.341+0000] {logging_mixin.py:190} INFO -  Previous state of the Task instance: running
[2025-06-06T18:32:45.350+0000] {logging_mixin.py:190} INFO - Dag name:mongo_db queued_at:2025-06-06 18:32:33.328861+00:00
[2025-06-06T18:32:45.370+0000] {logging_mixin.py:190} INFO - Task hostname:0a62496094f5 operator:PythonOperator
[2025-06-06T18:32:45.535+0000] {local_task_job_runner.py:266} INFO - Task exited with return code 0
[2025-06-06T18:32:45.631+0000] {taskinstance.py:3900} INFO - 0 downstream tasks scheduled from follow-on schedule check
[2025-06-06T18:32:45.654+0000] {local_task_job_runner.py:245} INFO - ::endgroup::
