[2025-06-06T18:35:31.217+0000] {local_task_job_runner.py:123} INFO - ::group::Pre task execution logs
[2025-06-06T18:35:31.447+0000] {taskinstance.py:2612} INFO - Dependencies all met for dep_context=non-requeueable deps ti=<TaskInstance: mongo_db.insert_mongodb scheduled__2025-04-30T00:00:00+00:00 [queued]>
[2025-06-06T18:35:31.607+0000] {taskinstance.py:2612} INFO - Dependencies all met for dep_context=requeueable deps ti=<TaskInstance: mongo_db.insert_mongodb scheduled__2025-04-30T00:00:00+00:00 [queued]>
[2025-06-06T18:35:31.623+0000] {taskinstance.py:2865} INFO - Starting attempt 1 of 3
[2025-06-06T18:35:32.085+0000] {taskinstance.py:2888} INFO - Executing <Task(PythonOperator): insert_mongodb> on 2025-04-30 00:00:00+00:00
[2025-06-06T18:35:32.170+0000] {warnings.py:112} WARNING - /home/***/.local/lib/python3.12/site-packages/***/task/task_runner/standard_task_runner.py:70: DeprecationWarning: This process (pid=991) is multi-threaded, use of fork() may lead to deadlocks in the child.
  pid = os.fork()

[2025-06-06T18:35:32.246+0000] {standard_task_runner.py:104} INFO - Running: ['***', 'tasks', 'run', 'mongo_db', 'insert_mongodb', 'scheduled__2025-04-30T00:00:00+00:00', '--job-id', '754', '--raw', '--subdir', 'DAGS_FOLDER/alimenta_mongo.py', '--cfg-path', '/tmp/tmpb49qu31k']
[2025-06-06T18:35:32.269+0000] {standard_task_runner.py:105} INFO - Job 754: Subtask insert_mongodb
[2025-06-06T18:35:32.253+0000] {standard_task_runner.py:72} INFO - Started process 1035 to run task
[2025-06-06T18:35:33.051+0000] {task_command.py:467} INFO - Running <TaskInstance: mongo_db.insert_mongodb scheduled__2025-04-30T00:00:00+00:00 [running]> on host 0a62496094f5
[2025-06-06T18:35:34.999+0000] {taskinstance.py:3131} INFO - Exporting env vars: AIRFLOW_CTX_DAG_OWNER='Maria Clara' AIRFLOW_CTX_DAG_ID='mongo_db' AIRFLOW_CTX_TASK_ID='insert_mongodb' AIRFLOW_CTX_EXECUTION_DATE='2025-04-30T00:00:00+00:00' AIRFLOW_CTX_TRY_NUMBER='1' AIRFLOW_CTX_DAG_RUN_ID='scheduled__2025-04-30T00:00:00+00:00'
[2025-06-06T18:35:35.037+0000] {logging_mixin.py:190} INFO - Task instance is in running state
[2025-06-06T18:35:35.052+0000] {logging_mixin.py:190} INFO -  Previous state of the Task instance: queued
[2025-06-06T18:35:35.068+0000] {logging_mixin.py:190} INFO - Current task name:insert_mongodb state:running start_date:2025-06-06 18:35:31.459177+00:00
[2025-06-06T18:35:35.072+0000] {logging_mixin.py:190} INFO - Dag name:mongo_db and current dag run status:running
[2025-06-06T18:35:35.074+0000] {taskinstance.py:731} INFO - ::endgroup::
[2025-06-06T18:35:35.665+0000] {python.py:240} INFO - Done. Returned value was: None
[2025-06-06T18:35:35.778+0000] {taskinstance.py:340} INFO - ::group::Post task execution logs
[2025-06-06T18:35:35.823+0000] {taskinstance.py:352} INFO - Marking task as SUCCESS. dag_id=mongo_db, task_id=insert_mongodb, run_id=scheduled__2025-04-30T00:00:00+00:00, execution_date=20250430T000000, start_date=20250606T183531, end_date=20250606T183535
[2025-06-06T18:35:35.939+0000] {logging_mixin.py:190} INFO - Task instance in success state
[2025-06-06T18:35:35.954+0000] {logging_mixin.py:190} INFO -  Previous state of the Task instance: running
[2025-06-06T18:35:35.972+0000] {logging_mixin.py:190} INFO - Dag name:mongo_db queued_at:2025-06-06 18:35:10.322176+00:00
[2025-06-06T18:35:36.011+0000] {logging_mixin.py:190} INFO - Task hostname:0a62496094f5 operator:PythonOperator
[2025-06-06T18:35:36.330+0000] {local_task_job_runner.py:266} INFO - Task exited with return code 0
[2025-06-06T18:35:36.507+0000] {taskinstance.py:3900} INFO - 0 downstream tasks scheduled from follow-on schedule check
[2025-06-06T18:35:36.558+0000] {local_task_job_runner.py:245} INFO - ::endgroup::
