[2025-06-06T18:34:44.353+0000] {local_task_job_runner.py:123} INFO - ::group::Pre task execution logs
[2025-06-06T18:34:44.473+0000] {taskinstance.py:2612} INFO - Dependencies all met for dep_context=non-requeueable deps ti=<TaskInstance: mongo_db.insert_mongodb scheduled__2024-12-31T00:00:00+00:00 [queued]>
[2025-06-06T18:34:44.576+0000] {taskinstance.py:2612} INFO - Dependencies all met for dep_context=requeueable deps ti=<TaskInstance: mongo_db.insert_mongodb scheduled__2024-12-31T00:00:00+00:00 [queued]>
[2025-06-06T18:34:44.592+0000] {taskinstance.py:2865} INFO - Starting attempt 3 of 3
[2025-06-06T18:34:44.793+0000] {taskinstance.py:2888} INFO - Executing <Task(PythonOperator): insert_mongodb> on 2024-12-31 00:00:00+00:00
[2025-06-06T18:34:44.943+0000] {standard_task_runner.py:104} INFO - Running: ['***', 'tasks', 'run', 'mongo_db', 'insert_mongodb', 'scheduled__2024-12-31T00:00:00+00:00', '--job-id', '735', '--raw', '--subdir', 'DAGS_FOLDER/alimenta_mongo.py', '--cfg-path', '/tmp/tmpo5aysznk']
[2025-06-06T18:34:44.933+0000] {warnings.py:112} WARNING - /home/***/.local/lib/python3.12/site-packages/***/task/task_runner/standard_task_runner.py:70: DeprecationWarning: This process (pid=865) is multi-threaded, use of fork() may lead to deadlocks in the child.
  pid = os.fork()

[2025-06-06T18:34:45.001+0000] {standard_task_runner.py:72} INFO - Started process 899 to run task
[2025-06-06T18:34:45.001+0000] {standard_task_runner.py:105} INFO - Job 735: Subtask insert_mongodb
[2025-06-06T18:34:45.472+0000] {task_command.py:467} INFO - Running <TaskInstance: mongo_db.insert_mongodb scheduled__2024-12-31T00:00:00+00:00 [running]> on host 0a62496094f5
[2025-06-06T18:34:46.414+0000] {taskinstance.py:3131} INFO - Exporting env vars: AIRFLOW_CTX_DAG_OWNER='Maria Clara' AIRFLOW_CTX_DAG_ID='mongo_db' AIRFLOW_CTX_TASK_ID='insert_mongodb' AIRFLOW_CTX_EXECUTION_DATE='2024-12-31T00:00:00+00:00' AIRFLOW_CTX_TRY_NUMBER='3' AIRFLOW_CTX_DAG_RUN_ID='scheduled__2024-12-31T00:00:00+00:00'
[2025-06-06T18:34:46.425+0000] {logging_mixin.py:190} INFO - Task instance is in running state
[2025-06-06T18:34:46.430+0000] {logging_mixin.py:190} INFO -  Previous state of the Task instance: queued
[2025-06-06T18:34:46.437+0000] {logging_mixin.py:190} INFO - Current task name:insert_mongodb state:running start_date:2025-06-06 18:34:44.475010+00:00
[2025-06-06T18:34:46.454+0000] {logging_mixin.py:190} INFO - Dag name:mongo_db and current dag run status:running
[2025-06-06T18:34:46.458+0000] {taskinstance.py:731} INFO - ::endgroup::
[2025-06-06T18:34:46.894+0000] {python.py:240} INFO - Done. Returned value was: None
[2025-06-06T18:34:46.953+0000] {taskinstance.py:340} INFO - ::group::Post task execution logs
[2025-06-06T18:34:46.967+0000] {taskinstance.py:352} INFO - Marking task as SUCCESS. dag_id=mongo_db, task_id=insert_mongodb, run_id=scheduled__2024-12-31T00:00:00+00:00, execution_date=20241231T000000, start_date=20250606T183444, end_date=20250606T183446
[2025-06-06T18:34:47.093+0000] {logging_mixin.py:190} INFO - Task instance in success state
[2025-06-06T18:34:47.100+0000] {logging_mixin.py:190} INFO -  Previous state of the Task instance: running
[2025-06-06T18:34:47.104+0000] {logging_mixin.py:190} INFO - Dag name:mongo_db queued_at:2025-06-06 18:22:28.358071+00:00
[2025-06-06T18:34:47.123+0000] {logging_mixin.py:190} INFO - Task hostname:0a62496094f5 operator:PythonOperator
[2025-06-06T18:34:47.197+0000] {local_task_job_runner.py:266} INFO - Task exited with return code 0
[2025-06-06T18:34:47.468+0000] {taskinstance.py:3900} INFO - 0 downstream tasks scheduled from follow-on schedule check
[2025-06-06T18:34:47.503+0000] {local_task_job_runner.py:245} INFO - ::endgroup::
