[2025-06-06T18:35:51.373+0000] {local_task_job_runner.py:123} INFO - ::group::Pre task execution logs
[2025-06-06T18:35:51.517+0000] {taskinstance.py:2612} INFO - Dependencies all met for dep_context=non-requeueable deps ti=<TaskInstance: mongo_db.insert_mongodb scheduled__2025-05-08T00:00:00+00:00 [queued]>
[2025-06-06T18:35:51.596+0000] {taskinstance.py:2612} INFO - Dependencies all met for dep_context=requeueable deps ti=<TaskInstance: mongo_db.insert_mongodb scheduled__2025-05-08T00:00:00+00:00 [queued]>
[2025-06-06T18:35:51.611+0000] {taskinstance.py:2865} INFO - Starting attempt 1 of 3
[2025-06-06T18:35:51.838+0000] {taskinstance.py:2888} INFO - Executing <Task(PythonOperator): insert_mongodb> on 2025-05-08 00:00:00+00:00
[2025-06-06T18:35:51.935+0000] {warnings.py:112} WARNING - /home/***/.local/lib/python3.12/site-packages/***/task/task_runner/standard_task_runner.py:70: DeprecationWarning: This process (pid=1014) is multi-threaded, use of fork() may lead to deadlocks in the child.
  pid = os.fork()

[2025-06-06T18:35:51.941+0000] {standard_task_runner.py:104} INFO - Running: ['***', 'tasks', 'run', 'mongo_db', 'insert_mongodb', 'scheduled__2025-05-08T00:00:00+00:00', '--job-id', '762', '--raw', '--subdir', 'DAGS_FOLDER/alimenta_mongo.py', '--cfg-path', '/tmp/tmpkcc3816t']
[2025-06-06T18:35:51.958+0000] {standard_task_runner.py:72} INFO - Started process 1072 to run task
[2025-06-06T18:35:51.974+0000] {standard_task_runner.py:105} INFO - Job 762: Subtask insert_mongodb
[2025-06-06T18:35:52.459+0000] {task_command.py:467} INFO - Running <TaskInstance: mongo_db.insert_mongodb scheduled__2025-05-08T00:00:00+00:00 [running]> on host 0a62496094f5
[2025-06-06T18:35:53.488+0000] {taskinstance.py:3131} INFO - Exporting env vars: AIRFLOW_CTX_DAG_OWNER='Maria Clara' AIRFLOW_CTX_DAG_ID='mongo_db' AIRFLOW_CTX_TASK_ID='insert_mongodb' AIRFLOW_CTX_EXECUTION_DATE='2025-05-08T00:00:00+00:00' AIRFLOW_CTX_TRY_NUMBER='1' AIRFLOW_CTX_DAG_RUN_ID='scheduled__2025-05-08T00:00:00+00:00'
[2025-06-06T18:35:53.504+0000] {logging_mixin.py:190} INFO - Task instance is in running state
[2025-06-06T18:35:53.509+0000] {logging_mixin.py:190} INFO -  Previous state of the Task instance: queued
[2025-06-06T18:35:53.511+0000] {logging_mixin.py:190} INFO - Current task name:insert_mongodb state:running start_date:2025-06-06 18:35:51.547461+00:00
[2025-06-06T18:35:53.512+0000] {logging_mixin.py:190} INFO - Dag name:mongo_db and current dag run status:running
[2025-06-06T18:35:53.513+0000] {taskinstance.py:731} INFO - ::endgroup::
[2025-06-06T18:35:53.996+0000] {python.py:240} INFO - Done. Returned value was: None
[2025-06-06T18:35:54.174+0000] {taskinstance.py:340} INFO - ::group::Post task execution logs
[2025-06-06T18:35:54.187+0000] {taskinstance.py:352} INFO - Marking task as SUCCESS. dag_id=mongo_db, task_id=insert_mongodb, run_id=scheduled__2025-05-08T00:00:00+00:00, execution_date=20250508T000000, start_date=20250606T183551, end_date=20250606T183554
[2025-06-06T18:35:54.261+0000] {logging_mixin.py:190} INFO - Task instance in success state
[2025-06-06T18:35:54.263+0000] {logging_mixin.py:190} INFO -  Previous state of the Task instance: running
[2025-06-06T18:35:54.276+0000] {logging_mixin.py:190} INFO - Dag name:mongo_db queued_at:2025-06-06 18:35:19.854484+00:00
[2025-06-06T18:35:54.277+0000] {logging_mixin.py:190} INFO - Task hostname:0a62496094f5 operator:PythonOperator
[2025-06-06T18:35:54.380+0000] {local_task_job_runner.py:266} INFO - Task exited with return code 0
[2025-06-06T18:35:54.537+0000] {taskinstance.py:3900} INFO - 0 downstream tasks scheduled from follow-on schedule check
[2025-06-06T18:35:54.605+0000] {local_task_job_runner.py:245} INFO - ::endgroup::
