[2025-06-06T18:34:04.755+0000] {local_task_job_runner.py:123} INFO - ::group::Pre task execution logs
[2025-06-06T18:34:04.879+0000] {taskinstance.py:2612} INFO - Dependencies all met for dep_context=non-requeueable deps ti=<TaskInstance: mongo_db.insert_mongodb scheduled__2025-03-31T00:00:00+00:00 [queued]>
[2025-06-06T18:34:04.908+0000] {taskinstance.py:2612} INFO - Dependencies all met for dep_context=requeueable deps ti=<TaskInstance: mongo_db.insert_mongodb scheduled__2025-03-31T00:00:00+00:00 [queued]>
[2025-06-06T18:34:04.909+0000] {taskinstance.py:2865} INFO - Starting attempt 1 of 3
[2025-06-06T18:34:04.990+0000] {taskinstance.py:2888} INFO - Executing <Task(PythonOperator): insert_mongodb> on 2025-03-31 00:00:00+00:00
[2025-06-06T18:34:05.049+0000] {standard_task_runner.py:104} INFO - Running: ['***', 'tasks', 'run', 'mongo_db', 'insert_mongodb', 'scheduled__2025-03-31T00:00:00+00:00', '--job-id', '721', '--raw', '--subdir', 'DAGS_FOLDER/alimenta_mongo.py', '--cfg-path', '/tmp/tmpnkaw1uoj']
[2025-06-06T18:34:05.064+0000] {standard_task_runner.py:105} INFO - Job 721: Subtask insert_mongodb
[2025-06-06T18:34:05.061+0000] {warnings.py:112} WARNING - /home/***/.local/lib/python3.12/site-packages/***/task/task_runner/standard_task_runner.py:70: DeprecationWarning: This process (pid=721) is multi-threaded, use of fork() may lead to deadlocks in the child.
  pid = os.fork()

[2025-06-06T18:34:05.067+0000] {standard_task_runner.py:72} INFO - Started process 772 to run task
[2025-06-06T18:34:05.475+0000] {task_command.py:467} INFO - Running <TaskInstance: mongo_db.insert_mongodb scheduled__2025-03-31T00:00:00+00:00 [running]> on host 0a62496094f5
[2025-06-06T18:34:06.137+0000] {taskinstance.py:3131} INFO - Exporting env vars: AIRFLOW_CTX_DAG_OWNER='Maria Clara' AIRFLOW_CTX_DAG_ID='mongo_db' AIRFLOW_CTX_TASK_ID='insert_mongodb' AIRFLOW_CTX_EXECUTION_DATE='2025-03-31T00:00:00+00:00' AIRFLOW_CTX_TRY_NUMBER='1' AIRFLOW_CTX_DAG_RUN_ID='scheduled__2025-03-31T00:00:00+00:00'
[2025-06-06T18:34:06.166+0000] {logging_mixin.py:190} INFO - Task instance is in running state
[2025-06-06T18:34:06.178+0000] {logging_mixin.py:190} INFO -  Previous state of the Task instance: queued
[2025-06-06T18:34:06.199+0000] {logging_mixin.py:190} INFO - Current task name:insert_mongodb state:running start_date:2025-06-06 18:34:04.884514+00:00
[2025-06-06T18:34:06.225+0000] {logging_mixin.py:190} INFO - Dag name:mongo_db and current dag run status:running
[2025-06-06T18:34:06.243+0000] {taskinstance.py:731} INFO - ::endgroup::
[2025-06-06T18:34:06.642+0000] {python.py:240} INFO - Done. Returned value was: None
[2025-06-06T18:34:06.722+0000] {taskinstance.py:340} INFO - ::group::Post task execution logs
[2025-06-06T18:34:06.724+0000] {taskinstance.py:352} INFO - Marking task as SUCCESS. dag_id=mongo_db, task_id=insert_mongodb, run_id=scheduled__2025-03-31T00:00:00+00:00, execution_date=20250331T000000, start_date=20250606T183404, end_date=20250606T183406
[2025-06-06T18:34:06.810+0000] {logging_mixin.py:190} INFO - Task instance in success state
[2025-06-06T18:34:06.826+0000] {logging_mixin.py:190} INFO -  Previous state of the Task instance: running
[2025-06-06T18:34:06.842+0000] {logging_mixin.py:190} INFO - Dag name:mongo_db queued_at:2025-06-06 18:33:50.497740+00:00
[2025-06-06T18:34:06.844+0000] {logging_mixin.py:190} INFO - Task hostname:0a62496094f5 operator:PythonOperator
[2025-06-06T18:34:06.992+0000] {local_task_job_runner.py:266} INFO - Task exited with return code 0
[2025-06-06T18:34:07.134+0000] {taskinstance.py:3900} INFO - 0 downstream tasks scheduled from follow-on schedule check
[2025-06-06T18:34:07.177+0000] {local_task_job_runner.py:245} INFO - ::endgroup::
