[2025-06-06T18:35:00.169+0000] {local_task_job_runner.py:123} INFO - ::group::Pre task execution logs
[2025-06-06T18:35:00.335+0000] {taskinstance.py:2612} INFO - Dependencies all met for dep_context=non-requeueable deps ti=<TaskInstance: mongo_db.insert_mongodb scheduled__2025-04-20T00:00:00+00:00 [queued]>
[2025-06-06T18:35:00.389+0000] {taskinstance.py:2612} INFO - Dependencies all met for dep_context=requeueable deps ti=<TaskInstance: mongo_db.insert_mongodb scheduled__2025-04-20T00:00:00+00:00 [queued]>
[2025-06-06T18:35:00.390+0000] {taskinstance.py:2865} INFO - Starting attempt 1 of 3
[2025-06-06T18:35:00.559+0000] {taskinstance.py:2888} INFO - Executing <Task(PythonOperator): insert_mongodb> on 2025-04-20 00:00:00+00:00
[2025-06-06T18:35:00.669+0000] {standard_task_runner.py:104} INFO - Running: ['***', 'tasks', 'run', 'mongo_db', 'insert_mongodb', 'scheduled__2025-04-20T00:00:00+00:00', '--job-id', '745', '--raw', '--subdir', 'DAGS_FOLDER/alimenta_mongo.py', '--cfg-path', '/tmp/tmpkewuupmf']
[2025-06-06T18:35:00.643+0000] {warnings.py:112} WARNING - /home/***/.local/lib/python3.12/site-packages/***/task/task_runner/standard_task_runner.py:70: DeprecationWarning: This process (pid=885) is multi-threaded, use of fork() may lead to deadlocks in the child.
  pid = os.fork()

[2025-06-06T18:35:00.677+0000] {standard_task_runner.py:105} INFO - Job 745: Subtask insert_mongodb
[2025-06-06T18:35:00.690+0000] {standard_task_runner.py:72} INFO - Started process 950 to run task
[2025-06-06T18:35:01.045+0000] {task_command.py:467} INFO - Running <TaskInstance: mongo_db.insert_mongodb scheduled__2025-04-20T00:00:00+00:00 [running]> on host 0a62496094f5
[2025-06-06T18:35:01.654+0000] {taskinstance.py:3131} INFO - Exporting env vars: AIRFLOW_CTX_DAG_OWNER='Maria Clara' AIRFLOW_CTX_DAG_ID='mongo_db' AIRFLOW_CTX_TASK_ID='insert_mongodb' AIRFLOW_CTX_EXECUTION_DATE='2025-04-20T00:00:00+00:00' AIRFLOW_CTX_TRY_NUMBER='1' AIRFLOW_CTX_DAG_RUN_ID='scheduled__2025-04-20T00:00:00+00:00'
[2025-06-06T18:35:01.659+0000] {logging_mixin.py:190} INFO - Task instance is in running state
[2025-06-06T18:35:01.664+0000] {logging_mixin.py:190} INFO -  Previous state of the Task instance: queued
[2025-06-06T18:35:01.665+0000] {logging_mixin.py:190} INFO - Current task name:insert_mongodb state:running start_date:2025-06-06 18:35:00.339703+00:00
[2025-06-06T18:35:01.668+0000] {logging_mixin.py:190} INFO - Dag name:mongo_db and current dag run status:running
[2025-06-06T18:35:01.670+0000] {taskinstance.py:731} INFO - ::endgroup::
[2025-06-06T18:35:01.858+0000] {python.py:240} INFO - Done. Returned value was: None
[2025-06-06T18:35:01.904+0000] {taskinstance.py:340} INFO - ::group::Post task execution logs
[2025-06-06T18:35:01.907+0000] {taskinstance.py:352} INFO - Marking task as SUCCESS. dag_id=mongo_db, task_id=insert_mongodb, run_id=scheduled__2025-04-20T00:00:00+00:00, execution_date=20250420T000000, start_date=20250606T183500, end_date=20250606T183501
[2025-06-06T18:35:01.961+0000] {logging_mixin.py:190} INFO - Task instance in success state
[2025-06-06T18:35:01.964+0000] {logging_mixin.py:190} INFO -  Previous state of the Task instance: running
[2025-06-06T18:35:01.972+0000] {logging_mixin.py:190} INFO - Dag name:mongo_db queued_at:2025-06-06 18:34:36.170867+00:00
[2025-06-06T18:35:01.974+0000] {logging_mixin.py:190} INFO - Task hostname:0a62496094f5 operator:PythonOperator
[2025-06-06T18:35:02.062+0000] {local_task_job_runner.py:266} INFO - Task exited with return code 0
[2025-06-06T18:35:02.156+0000] {taskinstance.py:3900} INFO - 0 downstream tasks scheduled from follow-on schedule check
[2025-06-06T18:35:02.171+0000] {local_task_job_runner.py:245} INFO - ::endgroup::
