[2025-06-06T18:21:02.929+0000] {local_task_job_runner.py:123} INFO - ::group::Pre task execution logs
[2025-06-06T18:21:03.106+0000] {taskinstance.py:2612} INFO - Dependencies all met for dep_context=non-requeueable deps ti=<TaskInstance: mongo_db.insert_mongodb scheduled__2024-11-22T00:00:00+00:00 [queued]>
[2025-06-06T18:21:03.174+0000] {taskinstance.py:2612} INFO - Dependencies all met for dep_context=requeueable deps ti=<TaskInstance: mongo_db.insert_mongodb scheduled__2024-11-22T00:00:00+00:00 [queued]>
[2025-06-06T18:21:03.177+0000] {taskinstance.py:2865} INFO - Starting attempt 1 of 3
[2025-06-06T18:21:03.665+0000] {taskinstance.py:2888} INFO - Executing <Task(PythonOperator): insert_mongodb> on 2024-11-22 00:00:00+00:00
[2025-06-06T18:21:03.754+0000] {warnings.py:112} WARNING - /home/***/.local/lib/python3.12/site-packages/***/task/task_runner/standard_task_runner.py:70: DeprecationWarning: This process (pid=194) is multi-threaded, use of fork() may lead to deadlocks in the child.
  pid = os.fork()

[2025-06-06T18:21:03.780+0000] {standard_task_runner.py:72} INFO - Started process 212 to run task
[2025-06-06T18:21:03.777+0000] {standard_task_runner.py:104} INFO - Running: ['***', 'tasks', 'run', 'mongo_db', 'insert_mongodb', 'scheduled__2024-11-22T00:00:00+00:00', '--job-id', '577', '--raw', '--subdir', 'DAGS_FOLDER/alimenta_mongo.py', '--cfg-path', '/tmp/tmpgg4xpc4o']
[2025-06-06T18:21:03.789+0000] {standard_task_runner.py:105} INFO - Job 577: Subtask insert_mongodb
[2025-06-06T18:21:04.269+0000] {task_command.py:467} INFO - Running <TaskInstance: mongo_db.insert_mongodb scheduled__2024-11-22T00:00:00+00:00 [running]> on host 25571a4a1d8c
[2025-06-06T18:21:05.181+0000] {taskinstance.py:3131} INFO - Exporting env vars: AIRFLOW_CTX_DAG_OWNER='Maria Clara' AIRFLOW_CTX_DAG_ID='mongo_db' AIRFLOW_CTX_TASK_ID='insert_mongodb' AIRFLOW_CTX_EXECUTION_DATE='2024-11-22T00:00:00+00:00' AIRFLOW_CTX_TRY_NUMBER='1' AIRFLOW_CTX_DAG_RUN_ID='scheduled__2024-11-22T00:00:00+00:00'
[2025-06-06T18:21:05.191+0000] {logging_mixin.py:190} INFO - Task instance is in running state
[2025-06-06T18:21:05.194+0000] {logging_mixin.py:190} INFO -  Previous state of the Task instance: queued
[2025-06-06T18:21:05.196+0000] {logging_mixin.py:190} INFO - Current task name:insert_mongodb state:running start_date:2025-06-06 18:21:03.120944+00:00
[2025-06-06T18:21:05.200+0000] {logging_mixin.py:190} INFO - Dag name:mongo_db and current dag run status:running
[2025-06-06T18:21:05.206+0000] {taskinstance.py:731} INFO - ::endgroup::
[2025-06-06T18:21:05.736+0000] {python.py:240} INFO - Done. Returned value was: None
[2025-06-06T18:21:05.833+0000] {taskinstance.py:340} INFO - ::group::Post task execution logs
[2025-06-06T18:21:05.846+0000] {taskinstance.py:352} INFO - Marking task as SUCCESS. dag_id=mongo_db, task_id=insert_mongodb, run_id=scheduled__2024-11-22T00:00:00+00:00, execution_date=20241122T000000, start_date=20250606T182103, end_date=20250606T182105
[2025-06-06T18:21:06.578+0000] {logging_mixin.py:190} INFO - Task instance in success state
[2025-06-06T18:21:06.589+0000] {logging_mixin.py:190} INFO -  Previous state of the Task instance: running
[2025-06-06T18:21:06.590+0000] {logging_mixin.py:190} INFO - Dag name:mongo_db queued_at:2025-06-06 18:20:52.655479+00:00
[2025-06-06T18:21:06.592+0000] {logging_mixin.py:190} INFO - Task hostname:25571a4a1d8c operator:PythonOperator
[2025-06-06T18:21:06.716+0000] {local_task_job_runner.py:266} INFO - Task exited with return code 0
[2025-06-06T18:21:07.342+0000] {taskinstance.py:3900} INFO - 0 downstream tasks scheduled from follow-on schedule check
[2025-06-06T18:21:07.431+0000] {local_task_job_runner.py:245} INFO - ::endgroup::
