[2025-06-06T18:35:55.362+0000] {local_task_job_runner.py:123} INFO - ::group::Pre task execution logs
[2025-06-06T18:35:55.475+0000] {taskinstance.py:2612} INFO - Dependencies all met for dep_context=non-requeueable deps ti=<TaskInstance: mongo_db.insert_mongodb scheduled__2025-05-02T00:00:00+00:00 [queued]>
[2025-06-06T18:35:55.513+0000] {taskinstance.py:2612} INFO - Dependencies all met for dep_context=requeueable deps ti=<TaskInstance: mongo_db.insert_mongodb scheduled__2025-05-02T00:00:00+00:00 [queued]>
[2025-06-06T18:35:55.515+0000] {taskinstance.py:2865} INFO - Starting attempt 1 of 3
[2025-06-06T18:35:55.617+0000] {taskinstance.py:2888} INFO - Executing <Task(PythonOperator): insert_mongodb> on 2025-05-02 00:00:00+00:00
[2025-06-06T18:35:55.650+0000] {warnings.py:112} WARNING - /home/***/.local/lib/python3.12/site-packages/***/task/task_runner/standard_task_runner.py:70: DeprecationWarning: This process (pid=995) is multi-threaded, use of fork() may lead to deadlocks in the child.
  pid = os.fork()

[2025-06-06T18:35:55.664+0000] {standard_task_runner.py:72} INFO - Started process 1090 to run task
[2025-06-06T18:35:55.663+0000] {standard_task_runner.py:104} INFO - Running: ['***', 'tasks', 'run', 'mongo_db', 'insert_mongodb', 'scheduled__2025-05-02T00:00:00+00:00', '--job-id', '765', '--raw', '--subdir', 'DAGS_FOLDER/alimenta_mongo.py', '--cfg-path', '/tmp/tmp5q2hpfpp']
[2025-06-06T18:35:55.670+0000] {standard_task_runner.py:105} INFO - Job 765: Subtask insert_mongodb
[2025-06-06T18:35:56.068+0000] {task_command.py:467} INFO - Running <TaskInstance: mongo_db.insert_mongodb scheduled__2025-05-02T00:00:00+00:00 [running]> on host 0a62496094f5
[2025-06-06T18:35:56.473+0000] {taskinstance.py:3131} INFO - Exporting env vars: AIRFLOW_CTX_DAG_OWNER='Maria Clara' AIRFLOW_CTX_DAG_ID='mongo_db' AIRFLOW_CTX_TASK_ID='insert_mongodb' AIRFLOW_CTX_EXECUTION_DATE='2025-05-02T00:00:00+00:00' AIRFLOW_CTX_TRY_NUMBER='1' AIRFLOW_CTX_DAG_RUN_ID='scheduled__2025-05-02T00:00:00+00:00'
[2025-06-06T18:35:56.477+0000] {logging_mixin.py:190} INFO - Task instance is in running state
[2025-06-06T18:35:56.479+0000] {logging_mixin.py:190} INFO -  Previous state of the Task instance: queued
[2025-06-06T18:35:56.480+0000] {logging_mixin.py:190} INFO - Current task name:insert_mongodb state:running start_date:2025-06-06 18:35:55.477695+00:00
[2025-06-06T18:35:56.482+0000] {logging_mixin.py:190} INFO - Dag name:mongo_db and current dag run status:running
[2025-06-06T18:35:56.483+0000] {taskinstance.py:731} INFO - ::endgroup::
[2025-06-06T18:35:56.584+0000] {python.py:240} INFO - Done. Returned value was: None
[2025-06-06T18:35:56.621+0000] {taskinstance.py:340} INFO - ::group::Post task execution logs
[2025-06-06T18:35:56.623+0000] {taskinstance.py:352} INFO - Marking task as SUCCESS. dag_id=mongo_db, task_id=insert_mongodb, run_id=scheduled__2025-05-02T00:00:00+00:00, execution_date=20250502T000000, start_date=20250606T183555, end_date=20250606T183556
[2025-06-06T18:35:56.663+0000] {logging_mixin.py:190} INFO - Task instance in success state
[2025-06-06T18:35:56.666+0000] {logging_mixin.py:190} INFO -  Previous state of the Task instance: running
[2025-06-06T18:35:56.671+0000] {logging_mixin.py:190} INFO - Dag name:mongo_db queued_at:2025-06-06 18:35:12.249321+00:00
[2025-06-06T18:35:56.678+0000] {logging_mixin.py:190} INFO - Task hostname:0a62496094f5 operator:PythonOperator
[2025-06-06T18:35:56.749+0000] {local_task_job_runner.py:266} INFO - Task exited with return code 0
[2025-06-06T18:35:56.811+0000] {local_task_job_runner.py:245} INFO - ::endgroup::
