[2025-06-06T18:34:08.190+0000] {local_task_job_runner.py:123} INFO - ::group::Pre task execution logs
[2025-06-06T18:34:08.359+0000] {taskinstance.py:2612} INFO - Dependencies all met for dep_context=non-requeueable deps ti=<TaskInstance: mongo_db.insert_mongodb scheduled__2025-04-03T00:00:00+00:00 [queued]>
[2025-06-06T18:34:08.426+0000] {taskinstance.py:2612} INFO - Dependencies all met for dep_context=requeueable deps ti=<TaskInstance: mongo_db.insert_mongodb scheduled__2025-04-03T00:00:00+00:00 [queued]>
[2025-06-06T18:34:08.429+0000] {taskinstance.py:2865} INFO - Starting attempt 1 of 3
[2025-06-06T18:34:08.555+0000] {taskinstance.py:2888} INFO - Executing <Task(PythonOperator): insert_mongodb> on 2025-04-03 00:00:00+00:00
[2025-06-06T18:34:08.579+0000] {warnings.py:112} WARNING - /home/***/.local/lib/python3.12/site-packages/***/task/task_runner/standard_task_runner.py:70: DeprecationWarning: This process (pid=727) is multi-threaded, use of fork() may lead to deadlocks in the child.
  pid = os.fork()

[2025-06-06T18:34:08.619+0000] {standard_task_runner.py:72} INFO - Started process 789 to run task
[2025-06-06T18:34:08.597+0000] {standard_task_runner.py:104} INFO - Running: ['***', 'tasks', 'run', 'mongo_db', 'insert_mongodb', 'scheduled__2025-04-03T00:00:00+00:00', '--job-id', '724', '--raw', '--subdir', 'DAGS_FOLDER/alimenta_mongo.py', '--cfg-path', '/tmp/tmp_5fzbc07']
[2025-06-06T18:34:08.627+0000] {standard_task_runner.py:105} INFO - Job 724: Subtask insert_mongodb
[2025-06-06T18:34:08.941+0000] {task_command.py:467} INFO - Running <TaskInstance: mongo_db.insert_mongodb scheduled__2025-04-03T00:00:00+00:00 [running]> on host 0a62496094f5
[2025-06-06T18:34:09.333+0000] {taskinstance.py:3131} INFO - Exporting env vars: AIRFLOW_CTX_DAG_OWNER='Maria Clara' AIRFLOW_CTX_DAG_ID='mongo_db' AIRFLOW_CTX_TASK_ID='insert_mongodb' AIRFLOW_CTX_EXECUTION_DATE='2025-04-03T00:00:00+00:00' AIRFLOW_CTX_TRY_NUMBER='1' AIRFLOW_CTX_DAG_RUN_ID='scheduled__2025-04-03T00:00:00+00:00'
[2025-06-06T18:34:09.345+0000] {logging_mixin.py:190} INFO - Task instance is in running state
[2025-06-06T18:34:09.349+0000] {logging_mixin.py:190} INFO -  Previous state of the Task instance: queued
[2025-06-06T18:34:09.352+0000] {logging_mixin.py:190} INFO - Current task name:insert_mongodb state:running start_date:2025-06-06 18:34:08.360772+00:00
[2025-06-06T18:34:09.360+0000] {logging_mixin.py:190} INFO - Dag name:mongo_db and current dag run status:running
[2025-06-06T18:34:09.366+0000] {taskinstance.py:731} INFO - ::endgroup::
[2025-06-06T18:34:09.504+0000] {python.py:240} INFO - Done. Returned value was: None
[2025-06-06T18:34:09.554+0000] {taskinstance.py:340} INFO - ::group::Post task execution logs
[2025-06-06T18:34:09.556+0000] {taskinstance.py:352} INFO - Marking task as SUCCESS. dag_id=mongo_db, task_id=insert_mongodb, run_id=scheduled__2025-04-03T00:00:00+00:00, execution_date=20250403T000000, start_date=20250606T183408, end_date=20250606T183409
[2025-06-06T18:34:09.634+0000] {logging_mixin.py:190} INFO - Task instance in success state
[2025-06-06T18:34:09.635+0000] {logging_mixin.py:190} INFO -  Previous state of the Task instance: running
[2025-06-06T18:34:09.637+0000] {logging_mixin.py:190} INFO - Dag name:mongo_db queued_at:2025-06-06 18:33:54.250179+00:00
[2025-06-06T18:34:09.638+0000] {logging_mixin.py:190} INFO - Task hostname:0a62496094f5 operator:PythonOperator
[2025-06-06T18:34:09.734+0000] {local_task_job_runner.py:266} INFO - Task exited with return code 0
[2025-06-06T18:34:09.772+0000] {local_task_job_runner.py:245} INFO - ::endgroup::
