[2025-06-06T18:22:20.686+0000] {local_task_job_runner.py:123} INFO - ::group::Pre task execution logs
[2025-06-06T18:22:20.836+0000] {taskinstance.py:2612} INFO - Dependencies all met for dep_context=non-requeueable deps ti=<TaskInstance: mongo_db.insert_mongodb scheduled__2024-12-17T00:00:00+00:00 [queued]>
[2025-06-06T18:22:20.917+0000] {taskinstance.py:2612} INFO - Dependencies all met for dep_context=requeueable deps ti=<TaskInstance: mongo_db.insert_mongodb scheduled__2024-12-17T00:00:00+00:00 [queued]>
[2025-06-06T18:22:20.933+0000] {taskinstance.py:2865} INFO - Starting attempt 1 of 3
[2025-06-06T18:22:21.022+0000] {taskinstance.py:2888} INFO - Executing <Task(PythonOperator): insert_mongodb> on 2024-12-17 00:00:00+00:00
[2025-06-06T18:22:21.047+0000] {warnings.py:112} WARNING - /home/***/.local/lib/python3.12/site-packages/***/task/task_runner/standard_task_runner.py:70: DeprecationWarning: This process (pid=364) is multi-threaded, use of fork() may lead to deadlocks in the child.
  pid = os.fork()

[2025-06-06T18:22:21.061+0000] {standard_task_runner.py:72} INFO - Started process 396 to run task
[2025-06-06T18:22:21.058+0000] {standard_task_runner.py:104} INFO - Running: ['***', 'tasks', 'run', 'mongo_db', 'insert_mongodb', 'scheduled__2024-12-17T00:00:00+00:00', '--job-id', '602', '--raw', '--subdir', 'DAGS_FOLDER/alimenta_mongo.py', '--cfg-path', '/tmp/tmp_hp2jyu1']
[2025-06-06T18:22:21.081+0000] {standard_task_runner.py:105} INFO - Job 602: Subtask insert_mongodb
[2025-06-06T18:22:21.442+0000] {task_command.py:467} INFO - Running <TaskInstance: mongo_db.insert_mongodb scheduled__2024-12-17T00:00:00+00:00 [running]> on host 25571a4a1d8c
[2025-06-06T18:22:21.983+0000] {taskinstance.py:3131} INFO - Exporting env vars: AIRFLOW_CTX_DAG_OWNER='Maria Clara' AIRFLOW_CTX_DAG_ID='mongo_db' AIRFLOW_CTX_TASK_ID='insert_mongodb' AIRFLOW_CTX_EXECUTION_DATE='2024-12-17T00:00:00+00:00' AIRFLOW_CTX_TRY_NUMBER='1' AIRFLOW_CTX_DAG_RUN_ID='scheduled__2024-12-17T00:00:00+00:00'
[2025-06-06T18:22:21.988+0000] {logging_mixin.py:190} INFO - Task instance is in running state
[2025-06-06T18:22:21.990+0000] {logging_mixin.py:190} INFO -  Previous state of the Task instance: queued
[2025-06-06T18:22:21.992+0000] {logging_mixin.py:190} INFO - Current task name:insert_mongodb state:running start_date:2025-06-06 18:22:20.849570+00:00
[2025-06-06T18:22:21.993+0000] {logging_mixin.py:190} INFO - Dag name:mongo_db and current dag run status:running
[2025-06-06T18:22:21.994+0000] {taskinstance.py:731} INFO - ::endgroup::
[2025-06-06T18:22:22.212+0000] {python.py:240} INFO - Done. Returned value was: None
[2025-06-06T18:22:22.273+0000] {taskinstance.py:340} INFO - ::group::Post task execution logs
[2025-06-06T18:22:22.329+0000] {taskinstance.py:352} INFO - Marking task as SUCCESS. dag_id=mongo_db, task_id=insert_mongodb, run_id=scheduled__2024-12-17T00:00:00+00:00, execution_date=20241217T000000, start_date=20250606T182220, end_date=20250606T182222
[2025-06-06T18:22:22.400+0000] {logging_mixin.py:190} INFO - Task instance in success state
[2025-06-06T18:22:22.406+0000] {logging_mixin.py:190} INFO -  Previous state of the Task instance: running
[2025-06-06T18:22:22.409+0000] {logging_mixin.py:190} INFO - Dag name:mongo_db queued_at:2025-06-06 18:22:08.479508+00:00
[2025-06-06T18:22:22.412+0000] {logging_mixin.py:190} INFO - Task hostname:25571a4a1d8c operator:PythonOperator
[2025-06-06T18:22:22.514+0000] {local_task_job_runner.py:266} INFO - Task exited with return code 0
[2025-06-06T18:22:22.648+0000] {taskinstance.py:3900} INFO - 0 downstream tasks scheduled from follow-on schedule check
[2025-06-06T18:22:22.689+0000] {local_task_job_runner.py:245} INFO - ::endgroup::
