[2025-06-06T18:21:43.767+0000] {local_task_job_runner.py:123} INFO - ::group::Pre task execution logs
[2025-06-06T18:21:43.968+0000] {taskinstance.py:2612} INFO - Dependencies all met for dep_context=non-requeueable deps ti=<TaskInstance: mongo_db.insert_mongodb scheduled__2024-12-01T00:00:00+00:00 [queued]>
[2025-06-06T18:21:44.143+0000] {taskinstance.py:2612} INFO - Dependencies all met for dep_context=requeueable deps ti=<TaskInstance: mongo_db.insert_mongodb scheduled__2024-12-01T00:00:00+00:00 [queued]>
[2025-06-06T18:21:44.156+0000] {taskinstance.py:2865} INFO - Starting attempt 1 of 3
[2025-06-06T18:21:44.350+0000] {taskinstance.py:2888} INFO - Executing <Task(PythonOperator): insert_mongodb> on 2024-12-01 00:00:00+00:00
[2025-06-06T18:21:44.396+0000] {warnings.py:112} WARNING - /home/***/.local/lib/python3.12/site-packages/***/task/task_runner/standard_task_runner.py:70: DeprecationWarning: This process (pid=214) is multi-threaded, use of fork() may lead to deadlocks in the child.
  pid = os.fork()

[2025-06-06T18:21:44.449+0000] {standard_task_runner.py:104} INFO - Running: ['***', 'tasks', 'run', 'mongo_db', 'insert_mongodb', 'scheduled__2024-12-01T00:00:00+00:00', '--job-id', '583', '--raw', '--subdir', 'DAGS_FOLDER/alimenta_mongo.py', '--cfg-path', '/tmp/tmpxhxhf53w']
[2025-06-06T18:21:44.482+0000] {standard_task_runner.py:105} INFO - Job 583: Subtask insert_mongodb
[2025-06-06T18:21:44.482+0000] {standard_task_runner.py:72} INFO - Started process 274 to run task
[2025-06-06T18:21:44.910+0000] {task_command.py:467} INFO - Running <TaskInstance: mongo_db.insert_mongodb scheduled__2024-12-01T00:00:00+00:00 [running]> on host 25571a4a1d8c
[2025-06-06T18:21:46.902+0000] {taskinstance.py:3131} INFO - Exporting env vars: AIRFLOW_CTX_DAG_OWNER='Maria Clara' AIRFLOW_CTX_DAG_ID='mongo_db' AIRFLOW_CTX_TASK_ID='insert_mongodb' AIRFLOW_CTX_EXECUTION_DATE='2024-12-01T00:00:00+00:00' AIRFLOW_CTX_TRY_NUMBER='1' AIRFLOW_CTX_DAG_RUN_ID='scheduled__2024-12-01T00:00:00+00:00'
[2025-06-06T18:21:46.922+0000] {logging_mixin.py:190} INFO - Task instance is in running state
[2025-06-06T18:21:46.942+0000] {logging_mixin.py:190} INFO -  Previous state of the Task instance: queued
[2025-06-06T18:21:46.944+0000] {logging_mixin.py:190} INFO - Current task name:insert_mongodb state:running start_date:2025-06-06 18:21:43.980496+00:00
[2025-06-06T18:21:46.945+0000] {logging_mixin.py:190} INFO - Dag name:mongo_db and current dag run status:running
[2025-06-06T18:21:46.947+0000] {taskinstance.py:731} INFO - ::endgroup::
[2025-06-06T18:21:47.310+0000] {python.py:240} INFO - Done. Returned value was: None
[2025-06-06T18:21:47.508+0000] {taskinstance.py:340} INFO - ::group::Post task execution logs
[2025-06-06T18:21:47.515+0000] {taskinstance.py:352} INFO - Marking task as SUCCESS. dag_id=mongo_db, task_id=insert_mongodb, run_id=scheduled__2024-12-01T00:00:00+00:00, execution_date=20241201T000000, start_date=20250606T182143, end_date=20250606T182147
[2025-06-06T18:21:47.720+0000] {logging_mixin.py:190} INFO - Task instance in success state
[2025-06-06T18:21:47.732+0000] {logging_mixin.py:190} INFO -  Previous state of the Task instance: running
[2025-06-06T18:21:47.763+0000] {logging_mixin.py:190} INFO - Dag name:mongo_db queued_at:2025-06-06 18:21:02.970959+00:00
[2025-06-06T18:21:47.770+0000] {logging_mixin.py:190} INFO - Task hostname:25571a4a1d8c operator:PythonOperator
[2025-06-06T18:21:47.884+0000] {local_task_job_runner.py:266} INFO - Task exited with return code 0
[2025-06-06T18:21:48.001+0000] {taskinstance.py:3900} INFO - 0 downstream tasks scheduled from follow-on schedule check
[2025-06-06T18:21:48.024+0000] {local_task_job_runner.py:245} INFO - ::endgroup::
